This file contains any messages produced by compilers while
running configure, to aid debugging if configure makes a mistake.

It was created by sphinx configure 1.11, which was
generated by GNU Autoconf 2.59.  Invocation command line was

  $ ./configure --prefix=/usr/local/coreseek --without-unixodbc --with-mmseg --with-mmseg-includes=/usr/local/mmseg3/include/mmseg/ --with-mmseg-libs=/usr/local/mmseg3/lib/ --with-mysql-includes=/usr/local/mysql/include --with-mysql-libs=/usr/local/mysql/lib --no-create --no-recursion

## --------- ##
## Platform. ##
## --------- ##

hostname = localhost.localdomain
uname -m = x86_64
uname -r = 2.6.18-274.17.1.el5
uname -s = Linux
uname -v = #1 SMP Tue Jan 10 17:25:58 EST 2012

/usr/bin/uname -p = unknown
/bin/uname -X     = unknown

/bin/arch              = x86_64
/usr/bin/arch -k       = unknown
/usr/convex/getsysinfo = unknown
hostinfo               = unknown
/bin/machine           = unknown
/usr/bin/oslevel       = unknown
/bin/universe          = unknown

PATH: /usr/kerberos/bin
PATH: /usr/local/bin
PATH: /bin
PATH: /usr/bin
PATH: /home/meishixing/bin


## ----------- ##
## Core tests. ##
## ----------- ##

configure:1367: result: 
configure:1369: result: checking build environment
configure:1372: result: --------------------------
configure:1374: result: 
configure:1417: checking for a BSD-compatible install
configure:1472: result: /usr/bin/install -c
configure:1483: checking whether build environment is sane
configure:1526: result: yes
configure:1591: checking for gawk
configure:1607: found /bin/gawk
configure:1617: result: gawk
configure:1627: checking whether make sets $(MAKE)
configure:1647: result: yes
configure:1815: checking whether to enable maintainer-specific portions of Makefiles
configure:1824: result: no
configure:1849: checking for python
configure:1867: found /usr/local/bin/python
configure:1879: result: /usr/local/bin/python
configure:1901: checking for python version
configure:1908: result: 2.6
configure:1920: checking for python platform
configure:1927: result: linux2
configure:1934: checking for python script directory
configure:1942: result: ${prefix}/lib/python2.6/site-packages
configure:1951: checking for python extension module directory
configure:1959: result: ${exec_prefix}/lib/python2.6/site-packages
configure:1982: result: 
configure:1984: result: checking for compiler programs
configure:1987: result: ------------------------------
configure:1989: result: 
configure:2003: checking whether to compile debug version
configure:2013: result: no
configure:2075: checking for gcc
configure:2091: found /usr/bin/gcc
configure:2101: result: gcc
configure:2345: checking for C compiler version
configure:2348: gcc --version </dev/null >&5
gcc (GCC) 4.1.2 20080704 (Red Hat 4.1.2-51)
Copyright (C) 2006 Free Software Foundation, Inc.
This is free software; see the source for copying conditions.  There is NO
warranty; not even for MERCHANTABILITY or FITNESS FOR A PARTICULAR PURPOSE.

configure:2351: $? = 0
configure:2353: gcc -v </dev/null >&5
Using built-in specs.
Target: x86_64-redhat-linux
Configured with: ../configure --prefix=/usr --mandir=/usr/share/man --infodir=/usr/share/info --enable-shared --enable-threads=posix --enable-checking=release --with-system-zlib --enable-__cxa_atexit --disable-libunwind-exceptions --enable-libgcj-multifile --enable-languages=c,c++,objc,obj-c++,java,fortran,ada --enable-java-awt=gtk --disable-dssi --disable-plugin --with-java-home=/usr/lib/jvm/java-1.4.2-gcj-1.4.2.0/jre --with-cpu=generic --host=x86_64-redhat-linux
Thread model: posix
gcc version 4.1.2 20080704 (Red Hat 4.1.2-51)
configure:2356: $? = 0
configure:2358: gcc -V </dev/null >&5
gcc: '-V' option must have argument
configure:2361: $? = 1
configure:2384: checking for C compiler default output file name
configure:2387: gcc -Wall -g -D_FILE_OFFSET_BITS=64 -O3 -DNDEBUG  -I/usr/local/include  conftest.c  -L/usr/local/lib >&5
configure:2390: $? = 0
configure:2436: result: a.out
configure:2441: checking whether the C compiler works
configure:2447: ./a.out
configure:2450: $? = 0
configure:2467: result: yes
configure:2474: checking whether we are cross compiling
configure:2476: result: no
configure:2479: checking for suffix of executables
configure:2481: gcc -o conftest -Wall -g -D_FILE_OFFSET_BITS=64 -O3 -DNDEBUG  -I/usr/local/include  conftest.c  -L/usr/local/lib >&5
configure:2484: $? = 0
configure:2509: result: 
configure:2515: checking for suffix of object files
configure:2536: gcc -c -Wall -g -D_FILE_OFFSET_BITS=64 -O3 -DNDEBUG  -I/usr/local/include conftest.c >&5
configure:2539: $? = 0
configure:2561: result: o
configure:2565: checking whether we are using the GNU C compiler
configure:2589: gcc -c -Wall -g -D_FILE_OFFSET_BITS=64 -O3 -DNDEBUG  -I/usr/local/include conftest.c >&5
configure:2595: $? = 0
configure:2599: test -z 
			 || test ! -s conftest.err
configure:2602: $? = 0
configure:2605: test -s conftest.o
configure:2608: $? = 0
configure:2621: result: yes
configure:2627: checking whether gcc accepts -g
configure:2648: gcc -c -g  -I/usr/local/include conftest.c >&5
configure:2654: $? = 0
configure:2658: test -z 
			 || test ! -s conftest.err
configure:2661: $? = 0
configure:2664: test -s conftest.o
configure:2667: $? = 0
configure:2678: result: yes
configure:2695: checking for gcc option to accept ANSI C
configure:2765: gcc  -c -Wall -g -D_FILE_OFFSET_BITS=64 -O3 -DNDEBUG  -I/usr/local/include conftest.c >&5
configure:2771: $? = 0
configure:2775: test -z 
			 || test ! -s conftest.err
configure:2778: $? = 0
configure:2781: test -s conftest.o
configure:2784: $? = 0
configure:2802: result: none needed
configure:2820: gcc -c -Wall -g -D_FILE_OFFSET_BITS=64 -O3 -DNDEBUG  -I/usr/local/include conftest.c >&5
conftest.c:2: error: expected '=', ',', ';', 'asm' or '__attribute__' before 'me'
configure:2826: $? = 1
configure: failed program was:
| #ifndef __cplusplus
|   choke me
| #endif
configure:2970: checking for style of include used by make
configure:2998: result: GNU
configure:3026: checking dependency style of gcc
configure:3116: result: gcc3
configure:3185: checking for g++
configure:3201: found /usr/bin/g++
configure:3211: result: g++
configure:3227: checking for C++ compiler version
configure:3230: g++ --version </dev/null >&5
g++ (GCC) 4.1.2 20080704 (Red Hat 4.1.2-51)
Copyright (C) 2006 Free Software Foundation, Inc.
This is free software; see the source for copying conditions.  There is NO
warranty; not even for MERCHANTABILITY or FITNESS FOR A PARTICULAR PURPOSE.

configure:3233: $? = 0
configure:3235: g++ -v </dev/null >&5
Using built-in specs.
Target: x86_64-redhat-linux
Configured with: ../configure --prefix=/usr --mandir=/usr/share/man --infodir=/usr/share/info --enable-shared --enable-threads=posix --enable-checking=release --with-system-zlib --enable-__cxa_atexit --disable-libunwind-exceptions --enable-libgcj-multifile --enable-languages=c,c++,objc,obj-c++,java,fortran,ada --enable-java-awt=gtk --disable-dssi --disable-plugin --with-java-home=/usr/lib/jvm/java-1.4.2-gcj-1.4.2.0/jre --with-cpu=generic --host=x86_64-redhat-linux
Thread model: posix
gcc version 4.1.2 20080704 (Red Hat 4.1.2-51)
configure:3238: $? = 0
configure:3240: g++ -V </dev/null >&5
g++: '-V' option must have argument
configure:3243: $? = 1
configure:3246: checking whether we are using the GNU C++ compiler
configure:3270: g++ -c -Wall -g -D_FILE_OFFSET_BITS=64 -O3 -DNDEBUG  -I/usr/local/include conftest.cc >&5
configure:3276: $? = 0
configure:3280: test -z 
			 || test ! -s conftest.err
configure:3283: $? = 0
configure:3286: test -s conftest.o
configure:3289: $? = 0
configure:3302: result: yes
configure:3308: checking whether g++ accepts -g
configure:3329: g++ -c -g  -I/usr/local/include conftest.cc >&5
configure:3335: $? = 0
configure:3339: test -z 
			 || test ! -s conftest.err
configure:3342: $? = 0
configure:3345: test -s conftest.o
configure:3348: $? = 0
configure:3359: result: yes
configure:3401: g++ -c -Wall -g -D_FILE_OFFSET_BITS=64 -O3 -DNDEBUG  -I/usr/local/include conftest.cc >&5
configure:3407: $? = 0
configure:3411: test -z 
			 || test ! -s conftest.err
configure:3414: $? = 0
configure:3417: test -s conftest.o
configure:3420: $? = 0
configure:3446: g++ -c -Wall -g -D_FILE_OFFSET_BITS=64 -O3 -DNDEBUG  -I/usr/local/include conftest.cc >&5
conftest.cc: In function 'int main()':
conftest.cc:15: error: 'exit' was not declared in this scope
configure:3452: $? = 1
configure: failed program was:
| /* confdefs.h.  */
| 
| #define PACKAGE_NAME "sphinx"
| #define PACKAGE_TARNAME "sphinx"
| #define PACKAGE_VERSION "1.11"
| #define PACKAGE_STRING "sphinx 1.11"
| #define PACKAGE_BUGREPORT "shodan(at)shodan.ru"
| #define PACKAGE "sphinx"
| #define VERSION "1.11"
| /* end confdefs.h.  */
| 
| int
| main ()
| {
| exit (42);
|   ;
|   return 0;
| }
configure:3401: g++ -c -Wall -g -D_FILE_OFFSET_BITS=64 -O3 -DNDEBUG  -I/usr/local/include conftest.cc >&5
configure:3407: $? = 0
configure:3411: test -z 
			 || test ! -s conftest.err
configure:3414: $? = 0
configure:3417: test -s conftest.o
configure:3420: $? = 0
configure:3446: g++ -c -Wall -g -D_FILE_OFFSET_BITS=64 -O3 -DNDEBUG  -I/usr/local/include conftest.cc >&5
configure:3452: $? = 0
configure:3456: test -z 
			 || test ! -s conftest.err
configure:3459: $? = 0
configure:3462: test -s conftest.o
configure:3465: $? = 0
configure:3490: checking dependency style of g++
configure:3580: result: gcc3
configure:3638: checking for ranlib
configure:3654: found /usr/bin/ranlib
configure:3665: result: ranlib
configure:3782: gcc -c -Wall -g -D_FILE_OFFSET_BITS=64 -O3 -DNDEBUG  -I/usr/local/include conftest.c >&5
conftest.c:4: warning: return type of 'main' is not 'int'
configure:3788: $? = 0
configure:3792: test -z 
			 || test ! -s conftest.err
configure:3795: $? = 0
configure:3798: test -s conftest.o
configure:3801: $? = 0
configure:3827: result: 
configure:3829: result: checking for header files
configure:3832: result: -------------------------
configure:3834: result: 
configure:3844: checking how to run the C preprocessor
configure:3879: gcc -E  -I/usr/local/include conftest.c
configure:3885: $? = 0
configure:3917: gcc -E  -I/usr/local/include conftest.c
conftest.c:16:28: error: ac_nonexistent.h: No such file or directory
configure:3923: $? = 1
configure: failed program was:
| /* confdefs.h.  */
| 
| #define PACKAGE_NAME "sphinx"
| #define PACKAGE_TARNAME "sphinx"
| #define PACKAGE_VERSION "1.11"
| #define PACKAGE_STRING "sphinx 1.11"
| #define PACKAGE_BUGREPORT "shodan(at)shodan.ru"
| #define PACKAGE "sphinx"
| #define VERSION "1.11"
| #ifdef __cplusplus
| extern "C" void std::exit (int) throw (); using std::exit;
| #endif
| #define COMPILER "gcc 4.1.2"
| #define OS_UNAME "Linux localhost.localdomain 2.6.18-274.17.1.el5 #1 SMP Tue Jan 10 17:25:58 EST 2012 x86_64 x86_64 x86_64 GNU/Linux"
| /* end confdefs.h.  */
| #include <ac_nonexistent.h>
configure:3962: result: gcc -E
configure:3986: gcc -E  -I/usr/local/include conftest.c
configure:3992: $? = 0
configure:4024: gcc -E  -I/usr/local/include conftest.c
conftest.c:16:28: error: ac_nonexistent.h: No such file or directory
configure:4030: $? = 1
configure: failed program was:
| /* confdefs.h.  */
| 
| #define PACKAGE_NAME "sphinx"
| #define PACKAGE_TARNAME "sphinx"
| #define PACKAGE_VERSION "1.11"
| #define PACKAGE_STRING "sphinx 1.11"
| #define PACKAGE_BUGREPORT "shodan(at)shodan.ru"
| #define PACKAGE "sphinx"
| #define VERSION "1.11"
| #ifdef __cplusplus
| extern "C" void std::exit (int) throw (); using std::exit;
| #endif
| #define COMPILER "gcc 4.1.2"
| #define OS_UNAME "Linux localhost.localdomain 2.6.18-274.17.1.el5 #1 SMP Tue Jan 10 17:25:58 EST 2012 x86_64 x86_64 x86_64 GNU/Linux"
| /* end confdefs.h.  */
| #include <ac_nonexistent.h>
configure:4074: checking for egrep
configure:4084: result: grep -E
configure:4089: checking for ANSI C header files
configure:4114: gcc -c -Wall -g -D_FILE_OFFSET_BITS=64 -O3 -DNDEBUG  -I/usr/local/include conftest.c >&5
configure:4120: $? = 0
configure:4124: test -z 
			 || test ! -s conftest.err
configure:4127: $? = 0
configure:4130: test -s conftest.o
configure:4133: $? = 0
configure:4222: gcc -o conftest -Wall -g -D_FILE_OFFSET_BITS=64 -O3 -DNDEBUG  -I/usr/local/include  conftest.c  -L/usr/local/lib >&5
conftest.c: In function 'main':
conftest.c:33: warning: implicit declaration of function 'exit'
conftest.c:33: warning: incompatible implicit declaration of built-in function 'exit'
configure:4225: $? = 0
configure:4227: ./conftest
configure:4230: $? = 0
configure:4245: result: yes
configure:4255: checking for sys/wait.h that is POSIX.1 compatible
configure:4286: gcc -c -Wall -g -D_FILE_OFFSET_BITS=64 -O3 -DNDEBUG  -I/usr/local/include conftest.c >&5
configure:4292: $? = 0
configure:4296: test -z 
			 || test ! -s conftest.err
configure:4299: $? = 0
configure:4302: test -s conftest.o
configure:4305: $? = 0
configure:4316: result: yes
configure:4340: checking for sys/types.h
configure:4356: gcc -c -Wall -g -D_FILE_OFFSET_BITS=64 -O3 -DNDEBUG  -I/usr/local/include conftest.c >&5
configure:4362: $? = 0
configure:4366: test -z 
			 || test ! -s conftest.err
configure:4369: $? = 0
configure:4372: test -s conftest.o
configure:4375: $? = 0
configure:4386: result: yes
configure:4340: checking for sys/stat.h
configure:4356: gcc -c -Wall -g -D_FILE_OFFSET_BITS=64 -O3 -DNDEBUG  -I/usr/local/include conftest.c >&5
configure:4362: $? = 0
configure:4366: test -z 
			 || test ! -s conftest.err
configure:4369: $? = 0
configure:4372: test -s conftest.o
configure:4375: $? = 0
configure:4386: result: yes
configure:4340: checking for stdlib.h
configure:4356: gcc -c -Wall -g -D_FILE_OFFSET_BITS=64 -O3 -DNDEBUG  -I/usr/local/include conftest.c >&5
configure:4362: $? = 0
configure:4366: test -z 
			 || test ! -s conftest.err
configure:4369: $? = 0
configure:4372: test -s conftest.o
configure:4375: $? = 0
configure:4386: result: yes
configure:4340: checking for string.h
configure:4356: gcc -c -Wall -g -D_FILE_OFFSET_BITS=64 -O3 -DNDEBUG  -I/usr/local/include conftest.c >&5
configure:4362: $? = 0
configure:4366: test -z 
			 || test ! -s conftest.err
configure:4369: $? = 0
configure:4372: test -s conftest.o
configure:4375: $? = 0
configure:4386: result: yes
configure:4340: checking for memory.h
configure:4356: gcc -c -Wall -g -D_FILE_OFFSET_BITS=64 -O3 -DNDEBUG  -I/usr/local/include conftest.c >&5
configure:4362: $? = 0
configure:4366: test -z 
			 || test ! -s conftest.err
configure:4369: $? = 0
configure:4372: test -s conftest.o
configure:4375: $? = 0
configure:4386: result: yes
configure:4340: checking for strings.h
configure:4356: gcc -c -Wall -g -D_FILE_OFFSET_BITS=64 -O3 -DNDEBUG  -I/usr/local/include conftest.c >&5
configure:4362: $? = 0
configure:4366: test -z 
			 || test ! -s conftest.err
configure:4369: $? = 0
configure:4372: test -s conftest.o
configure:4375: $? = 0
configure:4386: result: yes
configure:4340: checking for inttypes.h
configure:4356: gcc -c -Wall -g -D_FILE_OFFSET_BITS=64 -O3 -DNDEBUG  -I/usr/local/include conftest.c >&5
configure:4362: $? = 0
configure:4366: test -z 
			 || test ! -s conftest.err
configure:4369: $? = 0
configure:4372: test -s conftest.o
configure:4375: $? = 0
configure:4386: result: yes
configure:4340: checking for stdint.h
configure:4356: gcc -c -Wall -g -D_FILE_OFFSET_BITS=64 -O3 -DNDEBUG  -I/usr/local/include conftest.c >&5
configure:4362: $? = 0
configure:4366: test -z 
			 || test ! -s conftest.err
configure:4369: $? = 0
configure:4372: test -s conftest.o
configure:4375: $? = 0
configure:4386: result: yes
configure:4340: checking for unistd.h
configure:4356: gcc -c -Wall -g -D_FILE_OFFSET_BITS=64 -O3 -DNDEBUG  -I/usr/local/include conftest.c >&5
configure:4362: $? = 0
configure:4366: test -z 
			 || test ! -s conftest.err
configure:4369: $? = 0
configure:4372: test -s conftest.o
configure:4375: $? = 0
configure:4386: result: yes
configure:4423: checking fcntl.h usability
configure:4435: gcc -c -Wall -g -D_FILE_OFFSET_BITS=64 -O3 -DNDEBUG  -I/usr/local/include conftest.c >&5
configure:4441: $? = 0
configure:4445: test -z 
			 || test ! -s conftest.err
configure:4448: $? = 0
configure:4451: test -s conftest.o
configure:4454: $? = 0
configure:4464: result: yes
configure:4468: checking fcntl.h presence
configure:4478: gcc -E  -I/usr/local/include conftest.c
configure:4484: $? = 0
configure:4504: result: yes
configure:4539: checking for fcntl.h
configure:4546: result: yes
configure:4423: checking limits.h usability
configure:4435: gcc -c -Wall -g -D_FILE_OFFSET_BITS=64 -O3 -DNDEBUG  -I/usr/local/include conftest.c >&5
configure:4441: $? = 0
configure:4445: test -z 
			 || test ! -s conftest.err
configure:4448: $? = 0
configure:4451: test -s conftest.o
configure:4454: $? = 0
configure:4464: result: yes
configure:4468: checking limits.h presence
configure:4478: gcc -E  -I/usr/local/include conftest.c
configure:4484: $? = 0
configure:4504: result: yes
configure:4539: checking for limits.h
configure:4546: result: yes
configure:4423: checking netdb.h usability
configure:4435: gcc -c -Wall -g -D_FILE_OFFSET_BITS=64 -O3 -DNDEBUG  -I/usr/local/include conftest.c >&5
configure:4441: $? = 0
configure:4445: test -z 
			 || test ! -s conftest.err
configure:4448: $? = 0
configure:4451: test -s conftest.o
configure:4454: $? = 0
configure:4464: result: yes
configure:4468: checking netdb.h presence
configure:4478: gcc -E  -I/usr/local/include conftest.c
configure:4484: $? = 0
configure:4504: result: yes
configure:4539: checking for netdb.h
configure:4546: result: yes
configure:4423: checking netinet/in.h usability
configure:4435: gcc -c -Wall -g -D_FILE_OFFSET_BITS=64 -O3 -DNDEBUG  -I/usr/local/include conftest.c >&5
configure:4441: $? = 0
configure:4445: test -z 
			 || test ! -s conftest.err
configure:4448: $? = 0
configure:4451: test -s conftest.o
configure:4454: $? = 0
configure:4464: result: yes
configure:4468: checking netinet/in.h presence
configure:4478: gcc -E  -I/usr/local/include conftest.c
configure:4484: $? = 0
configure:4504: result: yes
configure:4539: checking for netinet/in.h
configure:4546: result: yes
configure:4414: checking for stdlib.h
configure:4419: result: yes
configure:4414: checking for string.h
configure:4419: result: yes
configure:4423: checking sys/file.h usability
configure:4435: gcc -c -Wall -g -D_FILE_OFFSET_BITS=64 -O3 -DNDEBUG  -I/usr/local/include conftest.c >&5
configure:4441: $? = 0
configure:4445: test -z 
			 || test ! -s conftest.err
configure:4448: $? = 0
configure:4451: test -s conftest.o
configure:4454: $? = 0
configure:4464: result: yes
configure:4468: checking sys/file.h presence
configure:4478: gcc -E  -I/usr/local/include conftest.c
configure:4484: $? = 0
configure:4504: result: yes
configure:4539: checking for sys/file.h
configure:4546: result: yes
configure:4423: checking sys/socket.h usability
configure:4435: gcc -c -Wall -g -D_FILE_OFFSET_BITS=64 -O3 -DNDEBUG  -I/usr/local/include conftest.c >&5
configure:4441: $? = 0
configure:4445: test -z 
			 || test ! -s conftest.err
configure:4448: $? = 0
configure:4451: test -s conftest.o
configure:4454: $? = 0
configure:4464: result: yes
configure:4468: checking sys/socket.h presence
configure:4478: gcc -E  -I/usr/local/include conftest.c
configure:4484: $? = 0
configure:4504: result: yes
configure:4539: checking for sys/socket.h
configure:4546: result: yes
configure:4423: checking sys/time.h usability
configure:4435: gcc -c -Wall -g -D_FILE_OFFSET_BITS=64 -O3 -DNDEBUG  -I/usr/local/include conftest.c >&5
configure:4441: $? = 0
configure:4445: test -z 
			 || test ! -s conftest.err
configure:4448: $? = 0
configure:4451: test -s conftest.o
configure:4454: $? = 0
configure:4464: result: yes
configure:4468: checking sys/time.h presence
configure:4478: gcc -E  -I/usr/local/include conftest.c
configure:4484: $? = 0
configure:4504: result: yes
configure:4539: checking for sys/time.h
configure:4546: result: yes
configure:4414: checking for unistd.h
configure:4419: result: yes
configure:4423: checking pthread.h usability
configure:4435: gcc -c -Wall -g -D_FILE_OFFSET_BITS=64 -O3 -DNDEBUG  -I/usr/local/include conftest.c >&5
configure:4441: $? = 0
configure:4445: test -z 
			 || test ! -s conftest.err
configure:4448: $? = 0
configure:4451: test -s conftest.o
configure:4454: $? = 0
configure:4464: result: yes
configure:4468: checking pthread.h presence
configure:4478: gcc -E  -I/usr/local/include conftest.c
configure:4484: $? = 0
configure:4504: result: yes
configure:4539: checking for pthread.h
configure:4546: result: yes
configure:4423: checking execinfo.h usability
configure:4435: gcc -c -Wall -g -D_FILE_OFFSET_BITS=64 -O3 -DNDEBUG  -I/usr/local/include conftest.c >&5
configure:4441: $? = 0
configure:4445: test -z 
			 || test ! -s conftest.err
configure:4448: $? = 0
configure:4451: test -s conftest.o
configure:4454: $? = 0
configure:4464: result: yes
configure:4468: checking execinfo.h presence
configure:4478: gcc -E  -I/usr/local/include conftest.c
configure:4484: $? = 0
configure:4504: result: yes
configure:4539: checking for execinfo.h
configure:4546: result: yes
configure:4569: checking expat.h usability
configure:4581: gcc -c -Wall -g -D_FILE_OFFSET_BITS=64 -O3 -DNDEBUG  -I/usr/local/include conftest.c >&5
conftest.c:73:19: error: expat.h: No such file or directory
configure:4587: $? = 1
configure: failed program was:
| /* confdefs.h.  */
| 
| #define PACKAGE_NAME "sphinx"
| #define PACKAGE_TARNAME "sphinx"
| #define PACKAGE_VERSION "1.11"
| #define PACKAGE_STRING "sphinx 1.11"
| #define PACKAGE_BUGREPORT "shodan(at)shodan.ru"
| #define PACKAGE "sphinx"
| #define VERSION "1.11"
| #ifdef __cplusplus
| extern "C" void std::exit (int) throw (); using std::exit;
| #endif
| #define COMPILER "gcc 4.1.2"
| #define OS_UNAME "Linux localhost.localdomain 2.6.18-274.17.1.el5 #1 SMP Tue Jan 10 17:25:58 EST 2012 x86_64 x86_64 x86_64 GNU/Linux"
| #define STDC_HEADERS 1
| #define HAVE_SYS_WAIT_H 1
| #define HAVE_SYS_TYPES_H 1
| #define HAVE_SYS_STAT_H 1
| #define HAVE_STDLIB_H 1
| #define HAVE_STRING_H 1
| #define HAVE_MEMORY_H 1
| #define HAVE_STRINGS_H 1
| #define HAVE_INTTYPES_H 1
| #define HAVE_STDINT_H 1
| #define HAVE_UNISTD_H 1
| #define HAVE_FCNTL_H 1
| #define HAVE_LIMITS_H 1
| #define HAVE_NETDB_H 1
| #define HAVE_NETINET_IN_H 1
| #define HAVE_STDLIB_H 1
| #define HAVE_STRING_H 1
| #define HAVE_SYS_FILE_H 1
| #define HAVE_SYS_SOCKET_H 1
| #define HAVE_SYS_TIME_H 1
| #define HAVE_UNISTD_H 1
| #define HAVE_PTHREAD_H 1
| #define HAVE_EXECINFO_H 1
| /* end confdefs.h.  */
| #include <stdio.h>
| #if HAVE_SYS_TYPES_H
| # include <sys/types.h>
| #endif
| #if HAVE_SYS_STAT_H
| # include <sys/stat.h>
| #endif
| #if STDC_HEADERS
| # include <stdlib.h>
| # include <stddef.h>
| #else
| # if HAVE_STDLIB_H
| #  include <stdlib.h>
| # endif
| #endif
| #if HAVE_STRING_H
| # if !STDC_HEADERS && HAVE_MEMORY_H
| #  include <memory.h>
| # endif
| # include <string.h>
| #endif
| #if HAVE_STRINGS_H
| # include <strings.h>
| #endif
| #if HAVE_INTTYPES_H
| # include <inttypes.h>
| #else
| # if HAVE_STDINT_H
| #  include <stdint.h>
| # endif
| #endif
| #if HAVE_UNISTD_H
| # include <unistd.h>
| #endif
| #include <expat.h>
configure:4610: result: no
configure:4614: checking expat.h presence
configure:4624: gcc -E  -I/usr/local/include conftest.c
conftest.c:39:19: error: expat.h: No such file or directory
configure:4630: $? = 1
configure: failed program was:
| /* confdefs.h.  */
| 
| #define PACKAGE_NAME "sphinx"
| #define PACKAGE_TARNAME "sphinx"
| #define PACKAGE_VERSION "1.11"
| #define PACKAGE_STRING "sphinx 1.11"
| #define PACKAGE_BUGREPORT "shodan(at)shodan.ru"
| #define PACKAGE "sphinx"
| #define VERSION "1.11"
| #ifdef __cplusplus
| extern "C" void std::exit (int) throw (); using std::exit;
| #endif
| #define COMPILER "gcc 4.1.2"
| #define OS_UNAME "Linux localhost.localdomain 2.6.18-274.17.1.el5 #1 SMP Tue Jan 10 17:25:58 EST 2012 x86_64 x86_64 x86_64 GNU/Linux"
| #define STDC_HEADERS 1
| #define HAVE_SYS_WAIT_H 1
| #define HAVE_SYS_TYPES_H 1
| #define HAVE_SYS_STAT_H 1
| #define HAVE_STDLIB_H 1
| #define HAVE_STRING_H 1
| #define HAVE_MEMORY_H 1
| #define HAVE_STRINGS_H 1
| #define HAVE_INTTYPES_H 1
| #define HAVE_STDINT_H 1
| #define HAVE_UNISTD_H 1
| #define HAVE_FCNTL_H 1
| #define HAVE_LIMITS_H 1
| #define HAVE_NETDB_H 1
| #define HAVE_NETINET_IN_H 1
| #define HAVE_STDLIB_H 1
| #define HAVE_STRING_H 1
| #define HAVE_SYS_FILE_H 1
| #define HAVE_SYS_SOCKET_H 1
| #define HAVE_SYS_TIME_H 1
| #define HAVE_UNISTD_H 1
| #define HAVE_PTHREAD_H 1
| #define HAVE_EXECINFO_H 1
| /* end confdefs.h.  */
| #include <expat.h>
configure:4650: result: no
configure:4685: checking for expat.h
configure:4692: result: no
configure:4713: checking iconv.h usability
configure:4725: gcc -c -Wall -g -D_FILE_OFFSET_BITS=64 -O3 -DNDEBUG  -I/usr/local/include conftest.c >&5
configure:4731: $? = 0
configure:4735: test -z 
			 || test ! -s conftest.err
configure:4738: $? = 0
configure:4741: test -s conftest.o
configure:4744: $? = 0
configure:4754: result: yes
configure:4758: checking iconv.h presence
configure:4768: gcc -E  -I/usr/local/include conftest.c
configure:4774: $? = 0
configure:4794: result: yes
configure:4829: checking for iconv.h
configure:4836: result: yes
configure:4857: checking zlib.h usability
configure:4869: gcc -c -Wall -g -D_FILE_OFFSET_BITS=64 -O3 -DNDEBUG  -I/usr/local/include conftest.c >&5
configure:4875: $? = 0
configure:4879: test -z 
			 || test ! -s conftest.err
configure:4882: $? = 0
configure:4885: test -s conftest.o
configure:4888: $? = 0
configure:4898: result: yes
configure:4902: checking zlib.h presence
configure:4912: gcc -E  -I/usr/local/include conftest.c
configure:4918: $? = 0
configure:4938: result: yes
configure:4973: checking for zlib.h
configure:4980: result: yes
configure:5001: checking sql.h usability
configure:5013: gcc -c -Wall -g -D_FILE_OFFSET_BITS=64 -O3 -DNDEBUG  -I/usr/local/include conftest.c >&5
conftest.c:73:17: error: sql.h: No such file or directory
configure:5019: $? = 1
configure: failed program was:
| /* confdefs.h.  */
| 
| #define PACKAGE_NAME "sphinx"
| #define PACKAGE_TARNAME "sphinx"
| #define PACKAGE_VERSION "1.11"
| #define PACKAGE_STRING "sphinx 1.11"
| #define PACKAGE_BUGREPORT "shodan(at)shodan.ru"
| #define PACKAGE "sphinx"
| #define VERSION "1.11"
| #ifdef __cplusplus
| extern "C" void std::exit (int) throw (); using std::exit;
| #endif
| #define COMPILER "gcc 4.1.2"
| #define OS_UNAME "Linux localhost.localdomain 2.6.18-274.17.1.el5 #1 SMP Tue Jan 10 17:25:58 EST 2012 x86_64 x86_64 x86_64 GNU/Linux"
| #define STDC_HEADERS 1
| #define HAVE_SYS_WAIT_H 1
| #define HAVE_SYS_TYPES_H 1
| #define HAVE_SYS_STAT_H 1
| #define HAVE_STDLIB_H 1
| #define HAVE_STRING_H 1
| #define HAVE_MEMORY_H 1
| #define HAVE_STRINGS_H 1
| #define HAVE_INTTYPES_H 1
| #define HAVE_STDINT_H 1
| #define HAVE_UNISTD_H 1
| #define HAVE_FCNTL_H 1
| #define HAVE_LIMITS_H 1
| #define HAVE_NETDB_H 1
| #define HAVE_NETINET_IN_H 1
| #define HAVE_STDLIB_H 1
| #define HAVE_STRING_H 1
| #define HAVE_SYS_FILE_H 1
| #define HAVE_SYS_SOCKET_H 1
| #define HAVE_SYS_TIME_H 1
| #define HAVE_UNISTD_H 1
| #define HAVE_PTHREAD_H 1
| #define HAVE_EXECINFO_H 1
| /* end confdefs.h.  */
| #include <stdio.h>
| #if HAVE_SYS_TYPES_H
| # include <sys/types.h>
| #endif
| #if HAVE_SYS_STAT_H
| # include <sys/stat.h>
| #endif
| #if STDC_HEADERS
| # include <stdlib.h>
| # include <stddef.h>
| #else
| # if HAVE_STDLIB_H
| #  include <stdlib.h>
| # endif
| #endif
| #if HAVE_STRING_H
| # if !STDC_HEADERS && HAVE_MEMORY_H
| #  include <memory.h>
| # endif
| # include <string.h>
| #endif
| #if HAVE_STRINGS_H
| # include <strings.h>
| #endif
| #if HAVE_INTTYPES_H
| # include <inttypes.h>
| #else
| # if HAVE_STDINT_H
| #  include <stdint.h>
| # endif
| #endif
| #if HAVE_UNISTD_H
| # include <unistd.h>
| #endif
| #include <sql.h>
configure:5042: result: no
configure:5046: checking sql.h presence
configure:5056: gcc -E  -I/usr/local/include conftest.c
conftest.c:39:17: error: sql.h: No such file or directory
configure:5062: $? = 1
configure: failed program was:
| /* confdefs.h.  */
| 
| #define PACKAGE_NAME "sphinx"
| #define PACKAGE_TARNAME "sphinx"
| #define PACKAGE_VERSION "1.11"
| #define PACKAGE_STRING "sphinx 1.11"
| #define PACKAGE_BUGREPORT "shodan(at)shodan.ru"
| #define PACKAGE "sphinx"
| #define VERSION "1.11"
| #ifdef __cplusplus
| extern "C" void std::exit (int) throw (); using std::exit;
| #endif
| #define COMPILER "gcc 4.1.2"
| #define OS_UNAME "Linux localhost.localdomain 2.6.18-274.17.1.el5 #1 SMP Tue Jan 10 17:25:58 EST 2012 x86_64 x86_64 x86_64 GNU/Linux"
| #define STDC_HEADERS 1
| #define HAVE_SYS_WAIT_H 1
| #define HAVE_SYS_TYPES_H 1
| #define HAVE_SYS_STAT_H 1
| #define HAVE_STDLIB_H 1
| #define HAVE_STRING_H 1
| #define HAVE_MEMORY_H 1
| #define HAVE_STRINGS_H 1
| #define HAVE_INTTYPES_H 1
| #define HAVE_STDINT_H 1
| #define HAVE_UNISTD_H 1
| #define HAVE_FCNTL_H 1
| #define HAVE_LIMITS_H 1
| #define HAVE_NETDB_H 1
| #define HAVE_NETINET_IN_H 1
| #define HAVE_STDLIB_H 1
| #define HAVE_STRING_H 1
| #define HAVE_SYS_FILE_H 1
| #define HAVE_SYS_SOCKET_H 1
| #define HAVE_SYS_TIME_H 1
| #define HAVE_UNISTD_H 1
| #define HAVE_PTHREAD_H 1
| #define HAVE_EXECINFO_H 1
| /* end confdefs.h.  */
| #include <sql.h>
configure:5082: result: no
configure:5117: checking for sql.h
configure:5124: result: no
configure:5145: checking syslog.h usability
configure:5157: gcc -c -Wall -g -D_FILE_OFFSET_BITS=64 -O3 -DNDEBUG  -I/usr/local/include conftest.c >&5
configure:5163: $? = 0
configure:5167: test -z 
			 || test ! -s conftest.err
configure:5170: $? = 0
configure:5173: test -s conftest.o
configure:5176: $? = 0
configure:5186: result: yes
configure:5190: checking syslog.h presence
configure:5200: gcc -E  -I/usr/local/include conftest.c
configure:5206: $? = 0
configure:5226: result: yes
configure:5261: checking for syslog.h
configure:5268: result: yes
configure:5282: result: 
configure:5284: result: checking for types
configure:5287: result: ------------------
configure:5289: result: 
configure:5294: checking for stdbool.h that conforms to C99
configure:5347: gcc -c -Wall -g -D_FILE_OFFSET_BITS=64 -O3 -DNDEBUG  -I/usr/local/include conftest.c >&5
configure:5353: $? = 0
configure:5357: test -z 
			 || test ! -s conftest.err
configure:5360: $? = 0
configure:5363: test -s conftest.o
configure:5366: $? = 0
configure:5377: result: yes
configure:5379: checking for _Bool
configure:5403: gcc -c -Wall -g -D_FILE_OFFSET_BITS=64 -O3 -DNDEBUG  -I/usr/local/include conftest.c >&5
configure:5409: $? = 0
configure:5413: test -z 
			 || test ! -s conftest.err
configure:5416: $? = 0
configure:5419: test -s conftest.o
configure:5422: $? = 0
configure:5433: result: yes
configure:5452: checking for an ANSI C-conforming const
configure:5519: gcc -c -Wall -g -D_FILE_OFFSET_BITS=64 -O3 -DNDEBUG  -I/usr/local/include conftest.c >&5
conftest.c: In function 'main':
conftest.c:68: warning: unused variable 's'
conftest.c:88: warning: unused variable 'foo'
conftest.c:55: warning: unused variable 'zero'
conftest.c:49: warning: unused variable 'x'
conftest.c:70: warning: 't' is used uninitialized in this function
conftest.c:85: warning: 'b' is used uninitialized in this function
configure:5525: $? = 0
configure:5529: test -z 
			 || test ! -s conftest.err
configure:5532: $? = 0
configure:5535: test -s conftest.o
configure:5538: $? = 0
configure:5549: result: yes
configure:5559: checking for inline
configure:5580: gcc -c -Wall -g -D_FILE_OFFSET_BITS=64 -O3 -DNDEBUG  -I/usr/local/include conftest.c >&5
configure:5586: $? = 0
configure:5590: test -z 
			 || test ! -s conftest.err
configure:5593: $? = 0
configure:5596: test -s conftest.o
configure:5599: $? = 0
configure:5611: result: inline
configure:5630: checking for off_t
configure:5654: gcc -c -Wall -g -D_FILE_OFFSET_BITS=64 -O3 -DNDEBUG  -I/usr/local/include conftest.c >&5
configure:5660: $? = 0
configure:5664: test -z 
			 || test ! -s conftest.err
configure:5667: $? = 0
configure:5670: test -s conftest.o
configure:5673: $? = 0
configure:5684: result: yes
configure:5696: checking for size_t
configure:5720: gcc -c -Wall -g -D_FILE_OFFSET_BITS=64 -O3 -DNDEBUG  -I/usr/local/include conftest.c >&5
configure:5726: $? = 0
configure:5730: test -z 
			 || test ! -s conftest.err
configure:5733: $? = 0
configure:5736: test -s conftest.o
configure:5739: $? = 0
configure:5750: result: yes
configure:5762: checking whether time.h and sys/time.h may both be included
configure:5787: gcc -c -Wall -g -D_FILE_OFFSET_BITS=64 -O3 -DNDEBUG  -I/usr/local/include conftest.c >&5
configure:5793: $? = 0
configure:5797: test -z 
			 || test ! -s conftest.err
configure:5800: $? = 0
configure:5803: test -s conftest.o
configure:5806: $? = 0
configure:5817: result: yes
configure:5830: result: 
configure:5832: result: checking for library functions
configure:5835: result: ------------------------------
configure:5837: result: 
configure:5842: checking for pid_t
configure:5866: gcc -c -Wall -g -D_FILE_OFFSET_BITS=64 -O3 -DNDEBUG  -I/usr/local/include conftest.c >&5
configure:5872: $? = 0
configure:5876: test -z 
			 || test ! -s conftest.err
configure:5879: $? = 0
configure:5882: test -s conftest.o
configure:5885: $? = 0
configure:5896: result: yes
configure:5914: checking for unistd.h
configure:5919: result: yes
configure:5923: checking vfork.h usability
configure:5935: gcc -c -Wall -g -D_FILE_OFFSET_BITS=64 -O3 -DNDEBUG  -I/usr/local/include conftest.c >&5
conftest.c:77:19: error: vfork.h: No such file or directory
configure:5941: $? = 1
configure: failed program was:
| /* confdefs.h.  */
| 
| #define PACKAGE_NAME "sphinx"
| #define PACKAGE_TARNAME "sphinx"
| #define PACKAGE_VERSION "1.11"
| #define PACKAGE_STRING "sphinx 1.11"
| #define PACKAGE_BUGREPORT "shodan(at)shodan.ru"
| #define PACKAGE "sphinx"
| #define VERSION "1.11"
| #ifdef __cplusplus
| extern "C" void std::exit (int) throw (); using std::exit;
| #endif
| #define COMPILER "gcc 4.1.2"
| #define OS_UNAME "Linux localhost.localdomain 2.6.18-274.17.1.el5 #1 SMP Tue Jan 10 17:25:58 EST 2012 x86_64 x86_64 x86_64 GNU/Linux"
| #define STDC_HEADERS 1
| #define HAVE_SYS_WAIT_H 1
| #define HAVE_SYS_TYPES_H 1
| #define HAVE_SYS_STAT_H 1
| #define HAVE_STDLIB_H 1
| #define HAVE_STRING_H 1
| #define HAVE_MEMORY_H 1
| #define HAVE_STRINGS_H 1
| #define HAVE_INTTYPES_H 1
| #define HAVE_STDINT_H 1
| #define HAVE_UNISTD_H 1
| #define HAVE_FCNTL_H 1
| #define HAVE_LIMITS_H 1
| #define HAVE_NETDB_H 1
| #define HAVE_NETINET_IN_H 1
| #define HAVE_STDLIB_H 1
| #define HAVE_STRING_H 1
| #define HAVE_SYS_FILE_H 1
| #define HAVE_SYS_SOCKET_H 1
| #define HAVE_SYS_TIME_H 1
| #define HAVE_UNISTD_H 1
| #define HAVE_PTHREAD_H 1
| #define HAVE_EXECINFO_H 1
| #define HAVE__BOOL 1
| #define HAVE_STDBOOL_H 1
| #define TIME_WITH_SYS_TIME 1
| #define HAVE_UNISTD_H 1
| /* end confdefs.h.  */
| #include <stdio.h>
| #if HAVE_SYS_TYPES_H
| # include <sys/types.h>
| #endif
| #if HAVE_SYS_STAT_H
| # include <sys/stat.h>
| #endif
| #if STDC_HEADERS
| # include <stdlib.h>
| # include <stddef.h>
| #else
| # if HAVE_STDLIB_H
| #  include <stdlib.h>
| # endif
| #endif
| #if HAVE_STRING_H
| # if !STDC_HEADERS && HAVE_MEMORY_H
| #  include <memory.h>
| # endif
| # include <string.h>
| #endif
| #if HAVE_STRINGS_H
| # include <strings.h>
| #endif
| #if HAVE_INTTYPES_H
| # include <inttypes.h>
| #else
| # if HAVE_STDINT_H
| #  include <stdint.h>
| # endif
| #endif
| #if HAVE_UNISTD_H
| # include <unistd.h>
| #endif
| #include <vfork.h>
configure:5964: result: no
configure:5968: checking vfork.h presence
configure:5978: gcc -E  -I/usr/local/include conftest.c
conftest.c:43:19: error: vfork.h: No such file or directory
configure:5984: $? = 1
configure: failed program was:
| /* confdefs.h.  */
| 
| #define PACKAGE_NAME "sphinx"
| #define PACKAGE_TARNAME "sphinx"
| #define PACKAGE_VERSION "1.11"
| #define PACKAGE_STRING "sphinx 1.11"
| #define PACKAGE_BUGREPORT "shodan(at)shodan.ru"
| #define PACKAGE "sphinx"
| #define VERSION "1.11"
| #ifdef __cplusplus
| extern "C" void std::exit (int) throw (); using std::exit;
| #endif
| #define COMPILER "gcc 4.1.2"
| #define OS_UNAME "Linux localhost.localdomain 2.6.18-274.17.1.el5 #1 SMP Tue Jan 10 17:25:58 EST 2012 x86_64 x86_64 x86_64 GNU/Linux"
| #define STDC_HEADERS 1
| #define HAVE_SYS_WAIT_H 1
| #define HAVE_SYS_TYPES_H 1
| #define HAVE_SYS_STAT_H 1
| #define HAVE_STDLIB_H 1
| #define HAVE_STRING_H 1
| #define HAVE_MEMORY_H 1
| #define HAVE_STRINGS_H 1
| #define HAVE_INTTYPES_H 1
| #define HAVE_STDINT_H 1
| #define HAVE_UNISTD_H 1
| #define HAVE_FCNTL_H 1
| #define HAVE_LIMITS_H 1
| #define HAVE_NETDB_H 1
| #define HAVE_NETINET_IN_H 1
| #define HAVE_STDLIB_H 1
| #define HAVE_STRING_H 1
| #define HAVE_SYS_FILE_H 1
| #define HAVE_SYS_SOCKET_H 1
| #define HAVE_SYS_TIME_H 1
| #define HAVE_UNISTD_H 1
| #define HAVE_PTHREAD_H 1
| #define HAVE_EXECINFO_H 1
| #define HAVE__BOOL 1
| #define HAVE_STDBOOL_H 1
| #define TIME_WITH_SYS_TIME 1
| #define HAVE_UNISTD_H 1
| /* end confdefs.h.  */
| #include <vfork.h>
configure:6004: result: no
configure:6039: checking for vfork.h
configure:6046: result: no
configure:6064: checking for fork
configure:6121: gcc -o conftest -Wall -g -D_FILE_OFFSET_BITS=64 -O3 -DNDEBUG  -I/usr/local/include  conftest.c  -L/usr/local/lib >&5
conftest.c:67: warning: conflicting types for built-in function 'fork'
configure:6127: $? = 0
configure:6131: test -z 
			 || test ! -s conftest.err
configure:6134: $? = 0
configure:6137: test -s conftest
configure:6140: $? = 0
configure:6152: result: yes
configure:6064: checking for vfork
configure:6121: gcc -o conftest -Wall -g -D_FILE_OFFSET_BITS=64 -O3 -DNDEBUG  -I/usr/local/include  conftest.c  -L/usr/local/lib >&5
configure:6127: $? = 0
configure:6131: test -z 
			 || test ! -s conftest.err
configure:6134: $? = 0
configure:6137: test -s conftest
configure:6140: $? = 0
configure:6152: result: yes
configure:6163: checking for working fork
configure:6186: gcc -o conftest -Wall -g -D_FILE_OFFSET_BITS=64 -O3 -DNDEBUG  -I/usr/local/include  conftest.c  -L/usr/local/lib >&5
conftest.c: In function 'main':
conftest.c:9: warning: implicit declaration of function 'fork'
conftest.c:10: warning: implicit declaration of function 'exit'
conftest.c:10: warning: incompatible implicit declaration of built-in function 'exit'
configure:6189: $? = 0
configure:6191: ./conftest
configure:6194: $? = 0
configure:6208: result: yes
configure:6229: checking for working vfork
configure:6362: result: yes
configure:6398: checking for stdlib.h
configure:6403: result: yes
configure:6543: checking for GNU libc compatible malloc
configure:6572: gcc -o conftest -Wall -g -D_FILE_OFFSET_BITS=64 -O3 -DNDEBUG  -I/usr/local/include  conftest.c  -L/usr/local/lib >&5
configure:6575: $? = 0
configure:6577: ./conftest
configure:6580: $? = 0
configure:6594: result: yes
configure:6629: checking for stdlib.h
configure:6634: result: yes
configure:6774: checking for GNU libc compatible realloc
configure:6803: gcc -o conftest -Wall -g -D_FILE_OFFSET_BITS=64 -O3 -DNDEBUG  -I/usr/local/include  conftest.c  -L/usr/local/lib >&5
configure:6806: $? = 0
configure:6808: ./conftest
configure:6811: $? = 0
configure:6825: result: yes
configure:6870: checking sys/select.h usability
configure:6882: gcc -c -Wall -g -D_FILE_OFFSET_BITS=64 -O3 -DNDEBUG  -I/usr/local/include conftest.c >&5
configure:6888: $? = 0
configure:6892: test -z 
			 || test ! -s conftest.err
configure:6895: $? = 0
configure:6898: test -s conftest.o
configure:6901: $? = 0
configure:6911: result: yes
configure:6915: checking sys/select.h presence
configure:6925: gcc -E  -I/usr/local/include conftest.c
configure:6931: $? = 0
configure:6951: result: yes
configure:6986: checking for sys/select.h
configure:6993: result: yes
configure:6861: checking for sys/socket.h
configure:6866: result: yes
configure:7006: checking types of arguments for select
configure:7039: gcc -c -Wall -g -D_FILE_OFFSET_BITS=64 -O3 -DNDEBUG  -I/usr/local/include conftest.c >&5
configure:7045: $? = 0
configure:7049: test -z 
			 || test ! -s conftest.err
configure:7052: $? = 0
configure:7055: test -s conftest.o
configure:7058: $? = 0
configure:7074: result: int,fd_set *,struct timeval *
configure:7097: checking return type of signal handlers
configure:7128: gcc -c -Wall -g -D_FILE_OFFSET_BITS=64 -O3 -DNDEBUG  -I/usr/local/include conftest.c >&5
conftest.c: In function 'main':
conftest.c:70: warning: unused variable 'i'
configure:7134: $? = 0
configure:7138: test -z 
			 || test ! -s conftest.err
configure:7141: $? = 0
configure:7144: test -s conftest.o
configure:7147: $? = 0
configure:7158: result: void
configure:7166: checking whether lstat dereferences a symlink specified with a trailing slash
configure:7197: gcc -o conftest -Wall -g -D_FILE_OFFSET_BITS=64 -O3 -DNDEBUG  -I/usr/local/include  conftest.c  -L/usr/local/lib >&5
configure:7200: $? = 0
configure:7202: ./conftest
configure:7205: $? = 0
configure:7226: result: yes
configure:7247: checking whether stat accepts an empty string
configure:7272: gcc -o conftest -Wall -g -D_FILE_OFFSET_BITS=64 -O3 -DNDEBUG  -I/usr/local/include  conftest.c  -L/usr/local/lib >&5
configure:7275: $? = 0
configure:7277: ./conftest
configure:7280: $? = 1
configure: program exited with status 1
configure: failed program was:
| /* confdefs.h.  */
| 
| #define PACKAGE_NAME "sphinx"
| #define PACKAGE_TARNAME "sphinx"
| #define PACKAGE_VERSION "1.11"
| #define PACKAGE_STRING "sphinx 1.11"
| #define PACKAGE_BUGREPORT "shodan(at)shodan.ru"
| #define PACKAGE "sphinx"
| #define VERSION "1.11"
| #ifdef __cplusplus
| extern "C" void std::exit (int) throw (); using std::exit;
| #endif
| #define COMPILER "gcc 4.1.2"
| #define OS_UNAME "Linux localhost.localdomain 2.6.18-274.17.1.el5 #1 SMP Tue Jan 10 17:25:58 EST 2012 x86_64 x86_64 x86_64 GNU/Linux"
| #define STDC_HEADERS 1
| #define HAVE_SYS_WAIT_H 1
| #define HAVE_SYS_TYPES_H 1
| #define HAVE_SYS_STAT_H 1
| #define HAVE_STDLIB_H 1
| #define HAVE_STRING_H 1
| #define HAVE_MEMORY_H 1
| #define HAVE_STRINGS_H 1
| #define HAVE_INTTYPES_H 1
| #define HAVE_STDINT_H 1
| #define HAVE_UNISTD_H 1
| #define HAVE_FCNTL_H 1
| #define HAVE_LIMITS_H 1
| #define HAVE_NETDB_H 1
| #define HAVE_NETINET_IN_H 1
| #define HAVE_STDLIB_H 1
| #define HAVE_STRING_H 1
| #define HAVE_SYS_FILE_H 1
| #define HAVE_SYS_SOCKET_H 1
| #define HAVE_SYS_TIME_H 1
| #define HAVE_UNISTD_H 1
| #define HAVE_PTHREAD_H 1
| #define HAVE_EXECINFO_H 1
| #define HAVE__BOOL 1
| #define HAVE_STDBOOL_H 1
| #define TIME_WITH_SYS_TIME 1
| #define HAVE_UNISTD_H 1
| #define HAVE_FORK 1
| #define HAVE_VFORK 1
| #define HAVE_WORKING_VFORK 1
| #define HAVE_WORKING_FORK 1
| #define HAVE_STDLIB_H 1
| #define HAVE_MALLOC 1
| #define HAVE_STDLIB_H 1
| #define HAVE_REALLOC 1
| #define HAVE_SYS_SELECT_H 1
| #define HAVE_SYS_SOCKET_H 1
| #define SELECT_TYPE_ARG1 int
| #define SELECT_TYPE_ARG234 (fd_set *)
| #define SELECT_TYPE_ARG5 (struct timeval *)
| #define RETSIGTYPE void
| #define LSTAT_FOLLOWS_SLASHED_SYMLINK 1
| /* end confdefs.h.  */
| #include <stdio.h>
| #if HAVE_SYS_TYPES_H
| # include <sys/types.h>
| #endif
| #if HAVE_SYS_STAT_H
| # include <sys/stat.h>
| #endif
| #if STDC_HEADERS
| # include <stdlib.h>
| # include <stddef.h>
| #else
| # if HAVE_STDLIB_H
| #  include <stdlib.h>
| # endif
| #endif
| #if HAVE_STRING_H
| # if !STDC_HEADERS && HAVE_MEMORY_H
| #  include <memory.h>
| # endif
| # include <string.h>
| #endif
| #if HAVE_STRINGS_H
| # include <strings.h>
| #endif
| #if HAVE_INTTYPES_H
| # include <inttypes.h>
| #else
| # if HAVE_STDINT_H
| #  include <stdint.h>
| # endif
| #endif
| #if HAVE_UNISTD_H
| # include <unistd.h>
| #endif
| int
| main ()
| {
| struct stat sbuf;
|   exit (stat ("", &sbuf) ? 1 : 0);
|   ;
|   return 0;
| }
configure:7294: result: no
configure:7316: checking for vprintf
configure:7373: gcc -o conftest -Wall -g -D_FILE_OFFSET_BITS=64 -O3 -DNDEBUG  -I/usr/local/include  conftest.c  -L/usr/local/lib >&5
conftest.c:82: warning: conflicting types for built-in function 'vprintf'
configure:7379: $? = 0
configure:7383: test -z 
			 || test ! -s conftest.err
configure:7386: $? = 0
configure:7389: test -s conftest
configure:7392: $? = 0
configure:7404: result: yes
configure:7411: checking for _doprnt
configure:7468: gcc -o conftest -Wall -g -D_FILE_OFFSET_BITS=64 -O3 -DNDEBUG  -I/usr/local/include  conftest.c  -L/usr/local/lib >&5
/tmp/ccPVi2ii.o: In function `main':
/home/meishixing/soft/coreseek/coreseek-4.1-beta/csft_dev/conftest.c:98: undefined reference to `_doprnt'
/tmp/ccPVi2ii.o:(.data+0x0): undefined reference to `_doprnt'
collect2: ld returned 1 exit status
configure:7474: $? = 1
configure: failed program was:
| /* confdefs.h.  */
| 
| #define PACKAGE_NAME "sphinx"
| #define PACKAGE_TARNAME "sphinx"
| #define PACKAGE_VERSION "1.11"
| #define PACKAGE_STRING "sphinx 1.11"
| #define PACKAGE_BUGREPORT "shodan(at)shodan.ru"
| #define PACKAGE "sphinx"
| #define VERSION "1.11"
| #ifdef __cplusplus
| extern "C" void std::exit (int) throw (); using std::exit;
| #endif
| #define COMPILER "gcc 4.1.2"
| #define OS_UNAME "Linux localhost.localdomain 2.6.18-274.17.1.el5 #1 SMP Tue Jan 10 17:25:58 EST 2012 x86_64 x86_64 x86_64 GNU/Linux"
| #define STDC_HEADERS 1
| #define HAVE_SYS_WAIT_H 1
| #define HAVE_SYS_TYPES_H 1
| #define HAVE_SYS_STAT_H 1
| #define HAVE_STDLIB_H 1
| #define HAVE_STRING_H 1
| #define HAVE_MEMORY_H 1
| #define HAVE_STRINGS_H 1
| #define HAVE_INTTYPES_H 1
| #define HAVE_STDINT_H 1
| #define HAVE_UNISTD_H 1
| #define HAVE_FCNTL_H 1
| #define HAVE_LIMITS_H 1
| #define HAVE_NETDB_H 1
| #define HAVE_NETINET_IN_H 1
| #define HAVE_STDLIB_H 1
| #define HAVE_STRING_H 1
| #define HAVE_SYS_FILE_H 1
| #define HAVE_SYS_SOCKET_H 1
| #define HAVE_SYS_TIME_H 1
| #define HAVE_UNISTD_H 1
| #define HAVE_PTHREAD_H 1
| #define HAVE_EXECINFO_H 1
| #define HAVE__BOOL 1
| #define HAVE_STDBOOL_H 1
| #define TIME_WITH_SYS_TIME 1
| #define HAVE_UNISTD_H 1
| #define HAVE_FORK 1
| #define HAVE_VFORK 1
| #define HAVE_WORKING_VFORK 1
| #define HAVE_WORKING_FORK 1
| #define HAVE_STDLIB_H 1
| #define HAVE_MALLOC 1
| #define HAVE_STDLIB_H 1
| #define HAVE_REALLOC 1
| #define HAVE_SYS_SELECT_H 1
| #define HAVE_SYS_SOCKET_H 1
| #define SELECT_TYPE_ARG1 int
| #define SELECT_TYPE_ARG234 (fd_set *)
| #define SELECT_TYPE_ARG5 (struct timeval *)
| #define RETSIGTYPE void
| #define LSTAT_FOLLOWS_SLASHED_SYMLINK 1
| #define HAVE_VPRINTF 1
| /* end confdefs.h.  */
| /* Define _doprnt to an innocuous variant, in case <limits.h> declares _doprnt.
|    For example, HP-UX 11i <limits.h> declares gettimeofday.  */
| #define _doprnt innocuous__doprnt
| 
| /* System header to define __stub macros and hopefully few prototypes,
|     which can conflict with char _doprnt (); below.
|     Prefer <limits.h> to <assert.h> if __STDC__ is defined, since
|     <limits.h> exists even on freestanding compilers.  */
| 
| #ifdef __STDC__
| # include <limits.h>
| #else
| # include <assert.h>
| #endif
| 
| #undef _doprnt
| 
| /* Override any gcc2 internal prototype to avoid an error.  */
| #ifdef __cplusplus
| extern "C"
| {
| #endif
| /* We use char because int might match the return type of a gcc2
|    builtin and then its argument prototype would still apply.  */
| char _doprnt ();
| /* The GNU C library defines this for functions which it implements
|     to always fail with ENOSYS.  Some functions are actually named
|     something starting with __ and the normal name is an alias.  */
| #if defined (__stub__doprnt) || defined (__stub____doprnt)
| choke me
| #else
| char (*f) () = _doprnt;
| #endif
| #ifdef __cplusplus
| }
| #endif
| 
| int
| main ()
| {
| return f != _doprnt;
|   ;
|   return 0;
| }
configure:7499: result: no
configure:7513: checking for library containing setsockopt
configure:7543: gcc -o conftest -Wall -g -D_FILE_OFFSET_BITS=64 -O3 -DNDEBUG  -I/usr/local/include  conftest.c  -L/usr/local/lib >&5
configure:7549: $? = 0
configure:7553: test -z 
			 || test ! -s conftest.err
configure:7556: $? = 0
configure:7559: test -s conftest
configure:7562: $? = 0
configure:7632: result: none required
configure:7639: checking for library containing gethostbyname
configure:7669: gcc -o conftest -Wall -g -D_FILE_OFFSET_BITS=64 -O3 -DNDEBUG  -I/usr/local/include  conftest.c  -L/usr/local/lib >&5
configure:7675: $? = 0
configure:7679: test -z 
			 || test ! -s conftest.err
configure:7682: $? = 0
configure:7685: test -s conftest
configure:7688: $? = 0
configure:7758: result: none required
configure:7765: checking for library containing XML_Parse
configure:7795: gcc -o conftest -Wall -g -D_FILE_OFFSET_BITS=64 -O3 -DNDEBUG  -I/usr/local/include  conftest.c  -L/usr/local/lib >&5
/tmp/ccq37duQ.o: In function `main':
/home/meishixing/soft/coreseek/coreseek-4.1-beta/csft_dev/conftest.c:70: undefined reference to `XML_Parse'
collect2: ld returned 1 exit status
configure:7801: $? = 1
configure: failed program was:
| /* confdefs.h.  */
| 
| #define PACKAGE_NAME "sphinx"
| #define PACKAGE_TARNAME "sphinx"
| #define PACKAGE_VERSION "1.11"
| #define PACKAGE_STRING "sphinx 1.11"
| #define PACKAGE_BUGREPORT "shodan(at)shodan.ru"
| #define PACKAGE "sphinx"
| #define VERSION "1.11"
| #ifdef __cplusplus
| extern "C" void std::exit (int) throw (); using std::exit;
| #endif
| #define COMPILER "gcc 4.1.2"
| #define OS_UNAME "Linux localhost.localdomain 2.6.18-274.17.1.el5 #1 SMP Tue Jan 10 17:25:58 EST 2012 x86_64 x86_64 x86_64 GNU/Linux"
| #define STDC_HEADERS 1
| #define HAVE_SYS_WAIT_H 1
| #define HAVE_SYS_TYPES_H 1
| #define HAVE_SYS_STAT_H 1
| #define HAVE_STDLIB_H 1
| #define HAVE_STRING_H 1
| #define HAVE_MEMORY_H 1
| #define HAVE_STRINGS_H 1
| #define HAVE_INTTYPES_H 1
| #define HAVE_STDINT_H 1
| #define HAVE_UNISTD_H 1
| #define HAVE_FCNTL_H 1
| #define HAVE_LIMITS_H 1
| #define HAVE_NETDB_H 1
| #define HAVE_NETINET_IN_H 1
| #define HAVE_STDLIB_H 1
| #define HAVE_STRING_H 1
| #define HAVE_SYS_FILE_H 1
| #define HAVE_SYS_SOCKET_H 1
| #define HAVE_SYS_TIME_H 1
| #define HAVE_UNISTD_H 1
| #define HAVE_PTHREAD_H 1
| #define HAVE_EXECINFO_H 1
| #define HAVE__BOOL 1
| #define HAVE_STDBOOL_H 1
| #define TIME_WITH_SYS_TIME 1
| #define HAVE_UNISTD_H 1
| #define HAVE_FORK 1
| #define HAVE_VFORK 1
| #define HAVE_WORKING_VFORK 1
| #define HAVE_WORKING_FORK 1
| #define HAVE_STDLIB_H 1
| #define HAVE_MALLOC 1
| #define HAVE_STDLIB_H 1
| #define HAVE_REALLOC 1
| #define HAVE_SYS_SELECT_H 1
| #define HAVE_SYS_SOCKET_H 1
| #define SELECT_TYPE_ARG1 int
| #define SELECT_TYPE_ARG234 (fd_set *)
| #define SELECT_TYPE_ARG5 (struct timeval *)
| #define RETSIGTYPE void
| #define LSTAT_FOLLOWS_SLASHED_SYMLINK 1
| #define HAVE_VPRINTF 1
| /* end confdefs.h.  */
| 
| /* Override any gcc2 internal prototype to avoid an error.  */
| #ifdef __cplusplus
| extern "C"
| #endif
| /* We use char because int might match the return type of a gcc2
|    builtin and then its argument prototype would still apply.  */
| char XML_Parse ();
| int
| main ()
| {
| XML_Parse ();
|   ;
|   return 0;
| }
configure:7850: gcc -o conftest -Wall -g -D_FILE_OFFSET_BITS=64 -O3 -DNDEBUG  -I/usr/local/include  conftest.c -lexpat   -L/usr/local/lib >&5
/usr/bin/ld: cannot find -lexpat
collect2: ld returned 1 exit status
configure:7856: $? = 1
configure: failed program was:
| /* confdefs.h.  */
| 
| #define PACKAGE_NAME "sphinx"
| #define PACKAGE_TARNAME "sphinx"
| #define PACKAGE_VERSION "1.11"
| #define PACKAGE_STRING "sphinx 1.11"
| #define PACKAGE_BUGREPORT "shodan(at)shodan.ru"
| #define PACKAGE "sphinx"
| #define VERSION "1.11"
| #ifdef __cplusplus
| extern "C" void std::exit (int) throw (); using std::exit;
| #endif
| #define COMPILER "gcc 4.1.2"
| #define OS_UNAME "Linux localhost.localdomain 2.6.18-274.17.1.el5 #1 SMP Tue Jan 10 17:25:58 EST 2012 x86_64 x86_64 x86_64 GNU/Linux"
| #define STDC_HEADERS 1
| #define HAVE_SYS_WAIT_H 1
| #define HAVE_SYS_TYPES_H 1
| #define HAVE_SYS_STAT_H 1
| #define HAVE_STDLIB_H 1
| #define HAVE_STRING_H 1
| #define HAVE_MEMORY_H 1
| #define HAVE_STRINGS_H 1
| #define HAVE_INTTYPES_H 1
| #define HAVE_STDINT_H 1
| #define HAVE_UNISTD_H 1
| #define HAVE_FCNTL_H 1
| #define HAVE_LIMITS_H 1
| #define HAVE_NETDB_H 1
| #define HAVE_NETINET_IN_H 1
| #define HAVE_STDLIB_H 1
| #define HAVE_STRING_H 1
| #define HAVE_SYS_FILE_H 1
| #define HAVE_SYS_SOCKET_H 1
| #define HAVE_SYS_TIME_H 1
| #define HAVE_UNISTD_H 1
| #define HAVE_PTHREAD_H 1
| #define HAVE_EXECINFO_H 1
| #define HAVE__BOOL 1
| #define HAVE_STDBOOL_H 1
| #define TIME_WITH_SYS_TIME 1
| #define HAVE_UNISTD_H 1
| #define HAVE_FORK 1
| #define HAVE_VFORK 1
| #define HAVE_WORKING_VFORK 1
| #define HAVE_WORKING_FORK 1
| #define HAVE_STDLIB_H 1
| #define HAVE_MALLOC 1
| #define HAVE_STDLIB_H 1
| #define HAVE_REALLOC 1
| #define HAVE_SYS_SELECT_H 1
| #define HAVE_SYS_SOCKET_H 1
| #define SELECT_TYPE_ARG1 int
| #define SELECT_TYPE_ARG234 (fd_set *)
| #define SELECT_TYPE_ARG5 (struct timeval *)
| #define RETSIGTYPE void
| #define LSTAT_FOLLOWS_SLASHED_SYMLINK 1
| #define HAVE_VPRINTF 1
| /* end confdefs.h.  */
| 
| /* Override any gcc2 internal prototype to avoid an error.  */
| #ifdef __cplusplus
| extern "C"
| #endif
| /* We use char because int might match the return type of a gcc2
|    builtin and then its argument prototype would still apply.  */
| char XML_Parse ();
| int
| main ()
| {
| XML_Parse ();
|   ;
|   return 0;
| }
configure:7884: result: no
configure:7893: checking for library containing iconv
configure:7923: gcc -o conftest -Wall -g -D_FILE_OFFSET_BITS=64 -O3 -DNDEBUG  -I/usr/local/include  conftest.c  -L/usr/local/lib >&5
configure:7929: $? = 0
configure:7933: test -z 
			 || test ! -s conftest.err
configure:7936: $? = 0
configure:7939: test -s conftest
configure:7942: $? = 0
configure:8012: result: none required
configure:8021: checking for library containing inflate
configure:8051: gcc -o conftest -Wall -g -D_FILE_OFFSET_BITS=64 -O3 -DNDEBUG  -I/usr/local/include  conftest.c  -L/usr/local/lib >&5
/tmp/ccmZ8gkC.o: In function `main':
/home/meishixing/soft/coreseek/coreseek-4.1-beta/csft_dev/conftest.c:70: undefined reference to `inflate'
collect2: ld returned 1 exit status
configure:8057: $? = 1
configure: failed program was:
| /* confdefs.h.  */
| 
| #define PACKAGE_NAME "sphinx"
| #define PACKAGE_TARNAME "sphinx"
| #define PACKAGE_VERSION "1.11"
| #define PACKAGE_STRING "sphinx 1.11"
| #define PACKAGE_BUGREPORT "shodan(at)shodan.ru"
| #define PACKAGE "sphinx"
| #define VERSION "1.11"
| #ifdef __cplusplus
| extern "C" void std::exit (int) throw (); using std::exit;
| #endif
| #define COMPILER "gcc 4.1.2"
| #define OS_UNAME "Linux localhost.localdomain 2.6.18-274.17.1.el5 #1 SMP Tue Jan 10 17:25:58 EST 2012 x86_64 x86_64 x86_64 GNU/Linux"
| #define STDC_HEADERS 1
| #define HAVE_SYS_WAIT_H 1
| #define HAVE_SYS_TYPES_H 1
| #define HAVE_SYS_STAT_H 1
| #define HAVE_STDLIB_H 1
| #define HAVE_STRING_H 1
| #define HAVE_MEMORY_H 1
| #define HAVE_STRINGS_H 1
| #define HAVE_INTTYPES_H 1
| #define HAVE_STDINT_H 1
| #define HAVE_UNISTD_H 1
| #define HAVE_FCNTL_H 1
| #define HAVE_LIMITS_H 1
| #define HAVE_NETDB_H 1
| #define HAVE_NETINET_IN_H 1
| #define HAVE_STDLIB_H 1
| #define HAVE_STRING_H 1
| #define HAVE_SYS_FILE_H 1
| #define HAVE_SYS_SOCKET_H 1
| #define HAVE_SYS_TIME_H 1
| #define HAVE_UNISTD_H 1
| #define HAVE_PTHREAD_H 1
| #define HAVE_EXECINFO_H 1
| #define HAVE__BOOL 1
| #define HAVE_STDBOOL_H 1
| #define TIME_WITH_SYS_TIME 1
| #define HAVE_UNISTD_H 1
| #define HAVE_FORK 1
| #define HAVE_VFORK 1
| #define HAVE_WORKING_VFORK 1
| #define HAVE_WORKING_FORK 1
| #define HAVE_STDLIB_H 1
| #define HAVE_MALLOC 1
| #define HAVE_STDLIB_H 1
| #define HAVE_REALLOC 1
| #define HAVE_SYS_SELECT_H 1
| #define HAVE_SYS_SOCKET_H 1
| #define SELECT_TYPE_ARG1 int
| #define SELECT_TYPE_ARG234 (fd_set *)
| #define SELECT_TYPE_ARG5 (struct timeval *)
| #define RETSIGTYPE void
| #define LSTAT_FOLLOWS_SLASHED_SYMLINK 1
| #define HAVE_VPRINTF 1
| /* end confdefs.h.  */
| 
| /* Override any gcc2 internal prototype to avoid an error.  */
| #ifdef __cplusplus
| extern "C"
| #endif
| /* We use char because int might match the return type of a gcc2
|    builtin and then its argument prototype would still apply.  */
| char inflate ();
| int
| main ()
| {
| inflate ();
|   ;
|   return 0;
| }
configure:8106: gcc -o conftest -Wall -g -D_FILE_OFFSET_BITS=64 -O3 -DNDEBUG  -I/usr/local/include  conftest.c -lz   -L/usr/local/lib >&5
configure:8112: $? = 0
configure:8116: test -z 
			 || test ! -s conftest.err
configure:8119: $? = 0
configure:8122: test -s conftest
configure:8125: $? = 0
configure:8140: result: -lz
configure:8149: checking for library containing logf
configure:8179: gcc -o conftest -Wall -g -D_FILE_OFFSET_BITS=64 -O3 -DNDEBUG  -I/usr/local/include  conftest.c -lz  -L/usr/local/lib >&5
conftest.c:66: warning: conflicting types for built-in function 'logf'
/tmp/ccskTHSZ.o: In function `main':
/home/meishixing/soft/coreseek/coreseek-4.1-beta/csft_dev/conftest.c:70: undefined reference to `logf'
collect2: ld returned 1 exit status
configure:8185: $? = 1
configure: failed program was:
| /* confdefs.h.  */
| 
| #define PACKAGE_NAME "sphinx"
| #define PACKAGE_TARNAME "sphinx"
| #define PACKAGE_VERSION "1.11"
| #define PACKAGE_STRING "sphinx 1.11"
| #define PACKAGE_BUGREPORT "shodan(at)shodan.ru"
| #define PACKAGE "sphinx"
| #define VERSION "1.11"
| #ifdef __cplusplus
| extern "C" void std::exit (int) throw (); using std::exit;
| #endif
| #define COMPILER "gcc 4.1.2"
| #define OS_UNAME "Linux localhost.localdomain 2.6.18-274.17.1.el5 #1 SMP Tue Jan 10 17:25:58 EST 2012 x86_64 x86_64 x86_64 GNU/Linux"
| #define STDC_HEADERS 1
| #define HAVE_SYS_WAIT_H 1
| #define HAVE_SYS_TYPES_H 1
| #define HAVE_SYS_STAT_H 1
| #define HAVE_STDLIB_H 1
| #define HAVE_STRING_H 1
| #define HAVE_MEMORY_H 1
| #define HAVE_STRINGS_H 1
| #define HAVE_INTTYPES_H 1
| #define HAVE_STDINT_H 1
| #define HAVE_UNISTD_H 1
| #define HAVE_FCNTL_H 1
| #define HAVE_LIMITS_H 1
| #define HAVE_NETDB_H 1
| #define HAVE_NETINET_IN_H 1
| #define HAVE_STDLIB_H 1
| #define HAVE_STRING_H 1
| #define HAVE_SYS_FILE_H 1
| #define HAVE_SYS_SOCKET_H 1
| #define HAVE_SYS_TIME_H 1
| #define HAVE_UNISTD_H 1
| #define HAVE_PTHREAD_H 1
| #define HAVE_EXECINFO_H 1
| #define HAVE__BOOL 1
| #define HAVE_STDBOOL_H 1
| #define TIME_WITH_SYS_TIME 1
| #define HAVE_UNISTD_H 1
| #define HAVE_FORK 1
| #define HAVE_VFORK 1
| #define HAVE_WORKING_VFORK 1
| #define HAVE_WORKING_FORK 1
| #define HAVE_STDLIB_H 1
| #define HAVE_MALLOC 1
| #define HAVE_STDLIB_H 1
| #define HAVE_REALLOC 1
| #define HAVE_SYS_SELECT_H 1
| #define HAVE_SYS_SOCKET_H 1
| #define SELECT_TYPE_ARG1 int
| #define SELECT_TYPE_ARG234 (fd_set *)
| #define SELECT_TYPE_ARG5 (struct timeval *)
| #define RETSIGTYPE void
| #define LSTAT_FOLLOWS_SLASHED_SYMLINK 1
| #define HAVE_VPRINTF 1
| /* end confdefs.h.  */
| 
| /* Override any gcc2 internal prototype to avoid an error.  */
| #ifdef __cplusplus
| extern "C"
| #endif
| /* We use char because int might match the return type of a gcc2
|    builtin and then its argument prototype would still apply.  */
| char logf ();
| int
| main ()
| {
| logf ();
|   ;
|   return 0;
| }
configure:8234: gcc -o conftest -Wall -g -D_FILE_OFFSET_BITS=64 -O3 -DNDEBUG  -I/usr/local/include  conftest.c -lm  -lz  -L/usr/local/lib >&5
conftest.c:66: warning: conflicting types for built-in function 'logf'
configure:8240: $? = 0
configure:8244: test -z 
			 || test ! -s conftest.err
configure:8247: $? = 0
configure:8250: test -s conftest
configure:8253: $? = 0
configure:8268: result: -lm
configure:8293: checking for dup2
configure:8350: gcc -o conftest -Wall -g -D_FILE_OFFSET_BITS=64 -O3 -DNDEBUG  -I/usr/local/include  conftest.c -lm -lz  -L/usr/local/lib >&5
configure:8356: $? = 0
configure:8360: test -z 
			 || test ! -s conftest.err
configure:8363: $? = 0
configure:8366: test -s conftest
configure:8369: $? = 0
configure:8381: result: yes
configure:8293: checking for gethostbyname
configure:8350: gcc -o conftest -Wall -g -D_FILE_OFFSET_BITS=64 -O3 -DNDEBUG  -I/usr/local/include  conftest.c -lm -lz  -L/usr/local/lib >&5
configure:8356: $? = 0
configure:8360: test -z 
			 || test ! -s conftest.err
configure:8363: $? = 0
configure:8366: test -s conftest
configure:8369: $? = 0
configure:8381: result: yes
configure:8293: checking for gettimeofday
configure:8350: gcc -o conftest -Wall -g -D_FILE_OFFSET_BITS=64 -O3 -DNDEBUG  -I/usr/local/include  conftest.c -lm -lz  -L/usr/local/lib >&5
configure:8356: $? = 0
configure:8360: test -z 
			 || test ! -s conftest.err
configure:8363: $? = 0
configure:8366: test -s conftest
configure:8369: $? = 0
configure:8381: result: yes
configure:8293: checking for memmove
configure:8350: gcc -o conftest -Wall -g -D_FILE_OFFSET_BITS=64 -O3 -DNDEBUG  -I/usr/local/include  conftest.c -lm -lz  -L/usr/local/lib >&5
conftest.c:86: warning: conflicting types for built-in function 'memmove'
configure:8356: $? = 0
configure:8360: test -z 
			 || test ! -s conftest.err
configure:8363: $? = 0
configure:8366: test -s conftest
configure:8369: $? = 0
configure:8381: result: yes
configure:8293: checking for memset
configure:8350: gcc -o conftest -Wall -g -D_FILE_OFFSET_BITS=64 -O3 -DNDEBUG  -I/usr/local/include  conftest.c -lm -lz  -L/usr/local/lib >&5
conftest.c:87: warning: conflicting types for built-in function 'memset'
configure:8356: $? = 0
configure:8360: test -z 
			 || test ! -s conftest.err
configure:8363: $? = 0
configure:8366: test -s conftest
configure:8369: $? = 0
configure:8381: result: yes
configure:8293: checking for select
configure:8350: gcc -o conftest -Wall -g -D_FILE_OFFSET_BITS=64 -O3 -DNDEBUG  -I/usr/local/include  conftest.c -lm -lz  -L/usr/local/lib >&5
configure:8356: $? = 0
configure:8360: test -z 
			 || test ! -s conftest.err
configure:8363: $? = 0
configure:8366: test -s conftest
configure:8369: $? = 0
configure:8381: result: yes
configure:8293: checking for socket
configure:8350: gcc -o conftest -Wall -g -D_FILE_OFFSET_BITS=64 -O3 -DNDEBUG  -I/usr/local/include  conftest.c -lm -lz  -L/usr/local/lib >&5
configure:8356: $? = 0
configure:8360: test -z 
			 || test ! -s conftest.err
configure:8363: $? = 0
configure:8366: test -s conftest
configure:8369: $? = 0
configure:8381: result: yes
configure:8293: checking for strcasecmp
configure:8350: gcc -o conftest -Wall -g -D_FILE_OFFSET_BITS=64 -O3 -DNDEBUG  -I/usr/local/include  conftest.c -lm -lz  -L/usr/local/lib >&5
conftest.c:90: warning: conflicting types for built-in function 'strcasecmp'
configure:8356: $? = 0
configure:8360: test -z 
			 || test ! -s conftest.err
configure:8363: $? = 0
configure:8366: test -s conftest
configure:8369: $? = 0
configure:8381: result: yes
configure:8293: checking for strchr
configure:8350: gcc -o conftest -Wall -g -D_FILE_OFFSET_BITS=64 -O3 -DNDEBUG  -I/usr/local/include  conftest.c -lm -lz  -L/usr/local/lib >&5
conftest.c:91: warning: conflicting types for built-in function 'strchr'
configure:8356: $? = 0
configure:8360: test -z 
			 || test ! -s conftest.err
configure:8363: $? = 0
configure:8366: test -s conftest
configure:8369: $? = 0
configure:8381: result: yes
configure:8293: checking for strerror
configure:8350: gcc -o conftest -Wall -g -D_FILE_OFFSET_BITS=64 -O3 -DNDEBUG  -I/usr/local/include  conftest.c -lm -lz  -L/usr/local/lib >&5
configure:8356: $? = 0
configure:8360: test -z 
			 || test ! -s conftest.err
configure:8363: $? = 0
configure:8366: test -s conftest
configure:8369: $? = 0
configure:8381: result: yes
configure:8293: checking for strncasecmp
configure:8350: gcc -o conftest -Wall -g -D_FILE_OFFSET_BITS=64 -O3 -DNDEBUG  -I/usr/local/include  conftest.c -lm -lz  -L/usr/local/lib >&5
conftest.c:93: warning: conflicting types for built-in function 'strncasecmp'
configure:8356: $? = 0
configure:8360: test -z 
			 || test ! -s conftest.err
configure:8363: $? = 0
configure:8366: test -s conftest
configure:8369: $? = 0
configure:8381: result: yes
configure:8293: checking for strstr
configure:8350: gcc -o conftest -Wall -g -D_FILE_OFFSET_BITS=64 -O3 -DNDEBUG  -I/usr/local/include  conftest.c -lm -lz  -L/usr/local/lib >&5
conftest.c:94: warning: conflicting types for built-in function 'strstr'
configure:8356: $? = 0
configure:8360: test -z 
			 || test ! -s conftest.err
configure:8363: $? = 0
configure:8366: test -s conftest
configure:8369: $? = 0
configure:8381: result: yes
configure:8293: checking for strtol
configure:8350: gcc -o conftest -Wall -g -D_FILE_OFFSET_BITS=64 -O3 -DNDEBUG  -I/usr/local/include  conftest.c -lm -lz  -L/usr/local/lib >&5
configure:8356: $? = 0
configure:8360: test -z 
			 || test ! -s conftest.err
configure:8363: $? = 0
configure:8366: test -s conftest
configure:8369: $? = 0
configure:8381: result: yes
configure:8293: checking for logf
configure:8350: gcc -o conftest -Wall -g -D_FILE_OFFSET_BITS=64 -O3 -DNDEBUG  -I/usr/local/include  conftest.c -lm -lz  -L/usr/local/lib >&5
conftest.c:96: warning: conflicting types for built-in function 'logf'
configure:8356: $? = 0
configure:8360: test -z 
			 || test ! -s conftest.err
configure:8363: $? = 0
configure:8366: test -s conftest
configure:8369: $? = 0
configure:8381: result: yes
configure:8293: checking for pread
configure:8350: gcc -o conftest -Wall -g -D_FILE_OFFSET_BITS=64 -O3 -DNDEBUG  -I/usr/local/include  conftest.c -lm -lz  -L/usr/local/lib >&5
configure:8356: $? = 0
configure:8360: test -z 
			 || test ! -s conftest.err
configure:8363: $? = 0
configure:8366: test -s conftest
configure:8369: $? = 0
configure:8381: result: yes
configure:8396: checking for backtrace
configure:8453: gcc -o conftest -Wall -g -D_FILE_OFFSET_BITS=64 -O3 -DNDEBUG  -I/usr/local/include  conftest.c -lm -lz  -L/usr/local/lib >&5
configure:8459: $? = 0
configure:8463: test -z 
			 || test ! -s conftest.err
configure:8466: $? = 0
configure:8469: test -s conftest
configure:8472: $? = 0
configure:8484: result: yes
configure:8396: checking for backtrace_symbols
configure:8453: gcc -o conftest -Wall -g -D_FILE_OFFSET_BITS=64 -O3 -DNDEBUG  -I/usr/local/include  conftest.c -lm -lz  -L/usr/local/lib >&5
configure:8459: $? = 0
configure:8463: test -z 
			 || test ! -s conftest.err
configure:8466: $? = 0
configure:8469: test -s conftest
configure:8472: $? = 0
configure:8484: result: yes
configure:8500: checking for clock_gettime in -lrt
configure:8530: gcc -o conftest -Wall -g -D_FILE_OFFSET_BITS=64 -O3 -DNDEBUG  -I/usr/local/include  conftest.c -lrt   >&5
configure:8536: $? = 0
configure:8540: test -z 
			 || test ! -s conftest.err
configure:8543: $? = 0
configure:8546: test -s conftest
configure:8549: $? = 0
configure:8562: result: yes
configure:8583: checking for clock_gettime
configure:8640: gcc -o conftest -Wall -g -D_FILE_OFFSET_BITS=64 -O3 -DNDEBUG  -I/usr/local/include  conftest.c -lm -lz  -L/usr/local/lib -lrt  >&5
configure:8646: $? = 0
configure:8650: test -z 
			 || test ! -s conftest.err
configure:8653: $? = 0
configure:8656: test -s conftest
configure:8659: $? = 0
configure:8671: result: yes
configure:8683: checking for LOCK_EX in sys/file.h
configure:8712: result: yes
configure:8723: checking for F_SETLKW in fcntl.h
configure:8752: result: yes
configure:8767: checking for dlopen in -ldl
configure:8797: gcc -o conftest -Wall -g -D_FILE_OFFSET_BITS=64 -O3 -DNDEBUG  -I/usr/local/include  conftest.c -ldl  -lm -lz  -L/usr/local/lib -lrt  >&5
configure:8803: $? = 0
configure:8807: test -z 
			 || test ! -s conftest.err
configure:8810: $? = 0
configure:8813: test -s conftest
configure:8816: $? = 0
configure:8829: result: yes
configure:8845: checking for dlopen
configure:8902: gcc -o conftest -Wall -g -D_FILE_OFFSET_BITS=64 -O3 -DNDEBUG  -I/usr/local/include  conftest.c -ldl -lm -lz  -L/usr/local/lib -lrt  >&5
configure:8908: $? = 0
configure:8912: test -z 
			 || test ! -s conftest.err
configure:8915: $? = 0
configure:8918: test -s conftest
configure:8921: $? = 0
configure:8933: result: yes
configure:8845: checking for dlerror
configure:8902: gcc -o conftest -Wall -g -D_FILE_OFFSET_BITS=64 -O3 -DNDEBUG  -I/usr/local/include  conftest.c -ldl -lm -lz  -L/usr/local/lib -lrt  >&5
configure:8908: $? = 0
configure:8912: test -z 
			 || test ! -s conftest.err
configure:8915: $? = 0
configure:8918: test -s conftest
configure:8921: $? = 0
configure:8933: result: yes
configure:8946: result: 
configure:8948: result: configuring Sphinx
configure:8951: result: ------------------
configure:8953: result: 
configure:8987: checking for CFLAGS needed for pthreads
configure:9011: gcc -o conftest -Wall -g -D_FILE_OFFSET_BITS=64 -O3 -DNDEBUG  -I/usr/local/include  conftest.c -ldl -lm -lz  -L/usr/local/lib -lrt  >&5
conftest.c: In function 'main':
conftest.c:96: warning: unused variable 'once_init'
configure:9014: $? = 0
configure:9016: ./conftest
configure:9019: $? = 0
configure:9084: result: none
configure:9095: checking for LIBS needed for pthreads
configure:9118: gcc -o conftest -Wall -g -D_FILE_OFFSET_BITS=64 -O3 -DNDEBUG  -I/usr/local/include  conftest.c -ldl -lm -lz  -L/usr/local/lib -lrt  -lpthread >&5
conftest.c: In function 'main':
conftest.c:96: warning: unused variable 'once_init'
configure:9121: $? = 0
configure:9123: ./conftest
configure:9126: $? = 0
configure:9192: result: -lpthread
configure:9201: checking for pthreads
configure:9205: result: found
configure:9221: checking for pthread_mutex_timedlock
configure:9278: gcc -o conftest -Wall -g -D_FILE_OFFSET_BITS=64 -O3 -DNDEBUG  -I/usr/local/include  conftest.c -ldl -lm -lz  -L/usr/local/lib -lrt  -lpthread >&5
configure:9284: $? = 0
configure:9288: test -z 
			 || test ! -s conftest.err
configure:9291: $? = 0
configure:9294: test -s conftest
configure:9297: $? = 0
configure:9309: result: yes
configure:9331: checking whether to compile with MySQL support
configure:9334: result: yes
configure:9379: checking for mysql_config
configure:9390: result: mysql_config
configure:9481: checking for mysql_real_connect
configure:9538: gcc -o conftest -Wall -g -D_FILE_OFFSET_BITS=64 -O3 -DNDEBUG -I/usr/local/mysql/include  -I/usr/local/include  conftest.c -ldl -lm -lz  -L/usr/local/lib -lrt  -lpthread -L/usr/local/mysql/lib -lmysqlclient -lz >&5
configure:9544: $? = 0
configure:9548: test -z 
			 || test ! -s conftest.err
configure:9551: $? = 0
configure:9554: test -s conftest
configure:9557: $? = 0
configure:9569: result: yes
configure:9696: checking MySQL include files
configure:9740: result: -I/usr/local/mysql/include
configure:9745: checking MySQL libraries
configure:9789: result: -L/usr/local/mysql/lib -lmysqlclient -lz
configure:9827: checking whether to link statically with MySQL support
configure:10295: result: no
configure:10310: checking whether to compile with PostgreSQL support
configure:10459: result: no
configure:10483: checking whether to compile with libmmseg support
configure:10486: result: yes
configure:10553: checking libmmseg include files
configure:10575: result: -I/usr/local/mmseg3/include/mmseg/
configure:10579: checking libmmseg libraries
configure:10601: result: -L/usr/local/mmseg3/lib/ -lmmseg
configure:10650: checking whether to use 64-bit document/word IDs
configure:10672: result: no
configure:10687: checking whether to compile with libstemmer support
configure:10714: result: no
configure:10735: checking for libexpat
configure:10747: result: not found
configure:10749: WARNING: xmlpipe2 will NOT be available
configure:10763: checking for libiconv
configure:10872: result: not required
configure:10896: checking for UnixODBC
configure:11044: result: disabled
configure:11059: checking for Syslog
configure:11075: result: disabled
configure:11080: checking for unaligned RAM access
configure:11132: g++ -o conftest -Wall -g -D_FILE_OFFSET_BITS=64 -O3 -DNDEBUG  -I/usr/local/include -I/usr/local/mysql/include  -I/usr/local/mmseg3/include/mmseg/   conftest.cc -ldl -lm -lz  -L/usr/local/lib -lrt  -lpthread  >&5
conftest.cc: In function 'int main()':
conftest.cc:96: warning: comparison between signed and unsigned integer expressions
configure:11135: $? = 0
configure:11137: ./conftest
configure:11140: $? = 0
configure:11155: result: yes
configure:11172: checking whether byte ordering is bigendian
configure:11199: g++ -c -Wall -g -D_FILE_OFFSET_BITS=64 -O3 -DNDEBUG  -I/usr/local/include -I/usr/local/mysql/include  -I/usr/local/mmseg3/include/mmseg/  conftest.cc >&5
configure:11205: $? = 0
configure:11209: test -z 
			 || test ! -s conftest.err
configure:11212: $? = 0
configure:11215: test -s conftest.o
configure:11218: $? = 0
configure:11242: g++ -c -Wall -g -D_FILE_OFFSET_BITS=64 -O3 -DNDEBUG  -I/usr/local/include -I/usr/local/mysql/include  -I/usr/local/mmseg3/include/mmseg/  conftest.cc >&5
conftest.cc: In function 'int main()':
conftest.cc:97: error: 'big' was not declared in this scope
conftest.cc:97: error: expected `;' before 'endian'
configure:11248: $? = 1
configure: failed program was:
| /* confdefs.h.  */
| 
| #define PACKAGE_NAME "sphinx"
| #define PACKAGE_TARNAME "sphinx"
| #define PACKAGE_VERSION "1.11"
| #define PACKAGE_STRING "sphinx 1.11"
| #define PACKAGE_BUGREPORT "shodan(at)shodan.ru"
| #define PACKAGE "sphinx"
| #define VERSION "1.11"
| #ifdef __cplusplus
| extern "C" void std::exit (int) throw (); using std::exit;
| #endif
| #define COMPILER "gcc 4.1.2"
| #define OS_UNAME "Linux localhost.localdomain 2.6.18-274.17.1.el5 #1 SMP Tue Jan 10 17:25:58 EST 2012 x86_64 x86_64 x86_64 GNU/Linux"
| #define STDC_HEADERS 1
| #define HAVE_SYS_WAIT_H 1
| #define HAVE_SYS_TYPES_H 1
| #define HAVE_SYS_STAT_H 1
| #define HAVE_STDLIB_H 1
| #define HAVE_STRING_H 1
| #define HAVE_MEMORY_H 1
| #define HAVE_STRINGS_H 1
| #define HAVE_INTTYPES_H 1
| #define HAVE_STDINT_H 1
| #define HAVE_UNISTD_H 1
| #define HAVE_FCNTL_H 1
| #define HAVE_LIMITS_H 1
| #define HAVE_NETDB_H 1
| #define HAVE_NETINET_IN_H 1
| #define HAVE_STDLIB_H 1
| #define HAVE_STRING_H 1
| #define HAVE_SYS_FILE_H 1
| #define HAVE_SYS_SOCKET_H 1
| #define HAVE_SYS_TIME_H 1
| #define HAVE_UNISTD_H 1
| #define HAVE_PTHREAD_H 1
| #define HAVE_EXECINFO_H 1
| #define HAVE__BOOL 1
| #define HAVE_STDBOOL_H 1
| #define TIME_WITH_SYS_TIME 1
| #define HAVE_UNISTD_H 1
| #define HAVE_FORK 1
| #define HAVE_VFORK 1
| #define HAVE_WORKING_VFORK 1
| #define HAVE_WORKING_FORK 1
| #define HAVE_STDLIB_H 1
| #define HAVE_MALLOC 1
| #define HAVE_STDLIB_H 1
| #define HAVE_REALLOC 1
| #define HAVE_SYS_SELECT_H 1
| #define HAVE_SYS_SOCKET_H 1
| #define SELECT_TYPE_ARG1 int
| #define SELECT_TYPE_ARG234 (fd_set *)
| #define SELECT_TYPE_ARG5 (struct timeval *)
| #define RETSIGTYPE void
| #define LSTAT_FOLLOWS_SLASHED_SYMLINK 1
| #define HAVE_VPRINTF 1
| #define HAVE_DUP2 1
| #define HAVE_GETHOSTBYNAME 1
| #define HAVE_GETTIMEOFDAY 1
| #define HAVE_MEMMOVE 1
| #define HAVE_MEMSET 1
| #define HAVE_SELECT 1
| #define HAVE_SOCKET 1
| #define HAVE_STRCASECMP 1
| #define HAVE_STRCHR 1
| #define HAVE_STRERROR 1
| #define HAVE_STRNCASECMP 1
| #define HAVE_STRSTR 1
| #define HAVE_STRTOL 1
| #define HAVE_LOGF 1
| #define HAVE_PREAD 1
| #define HAVE_BACKTRACE 1
| #define HAVE_BACKTRACE_SYMBOLS 1
| #define HAVE_LIBRT 1
| #define HAVE_CLOCK_GETTIME 1
| #define HAVE_LOCK_EX 1
| #define HAVE_F_SETLKW 1
| #define HAVE_LIBDL 1
| #define HAVE_DLOPEN 1
| #define HAVE_DLERROR 1
| #define HAVE_PTHREAD_MUTEX_TIMEDLOCK 1
| #define USE_MYSQL 1
| #define USE_MMSEG 1
| #define USE_64BIT 0
| #define USE_LIBSTEMMER 0
| #define USE_ZLIB 1
| #define UNALIGNED_RAM_ACCESS 1
| /* end confdefs.h.  */
| #include <sys/types.h>
| #include <sys/param.h>
| 
| int
| main ()
| {
| #if BYTE_ORDER != BIG_ENDIAN
|  not big endian
| #endif
| 
|   ;
|   return 0;
| }
configure:11383: result: no
configure:11407: result: 
configure:11409: result: generating configuration files
configure:11412: result: ------------------------------
configure:11414: result: 
configure:11588: creating ./config.status
configure:12922: result: 
configure:12924: result: configuration done
configure:12927: result: ------------------
configure:12929: result: 

## ---------------- ##
## Cache variables. ##
## ---------------- ##

ac_cv_c_bigendian=no
ac_cv_c_compiler_gnu=yes
ac_cv_c_const=yes
ac_cv_c_inline=inline
ac_cv_cxx_compiler_gnu=yes
ac_cv_define_F_SETLKW=yes
ac_cv_define_LOCK_EX=yes
ac_cv_env_CC_set=
ac_cv_env_CC_value=
ac_cv_env_CFLAGS_set=
ac_cv_env_CFLAGS_value=
ac_cv_env_CPPFLAGS_set=
ac_cv_env_CPPFLAGS_value=
ac_cv_env_CPP_set=
ac_cv_env_CPP_value=
ac_cv_env_CXXFLAGS_set=
ac_cv_env_CXXFLAGS_value=
ac_cv_env_CXX_set=
ac_cv_env_CXX_value=
ac_cv_env_LDFLAGS_set=
ac_cv_env_LDFLAGS_value=
ac_cv_env_PYTHON_set=
ac_cv_env_PYTHON_value=
ac_cv_env_build_alias_set=
ac_cv_env_build_alias_value=
ac_cv_env_host_alias_set=
ac_cv_env_host_alias_value=
ac_cv_env_target_alias_set=
ac_cv_env_target_alias_value=
ac_cv_exeext=
ac_cv_func__doprnt=no
ac_cv_func_backtrace=yes
ac_cv_func_backtrace_symbols=yes
ac_cv_func_clock_gettime=yes
ac_cv_func_dlerror=yes
ac_cv_func_dlopen=yes
ac_cv_func_dup2=yes
ac_cv_func_fork=yes
ac_cv_func_fork_works=yes
ac_cv_func_gethostbyname=yes
ac_cv_func_gettimeofday=yes
ac_cv_func_logf=yes
ac_cv_func_lstat_dereferences_slashed_symlink=yes
ac_cv_func_malloc_0_nonnull=yes
ac_cv_func_memmove=yes
ac_cv_func_memset=yes
ac_cv_func_mysql_real_connect=yes
ac_cv_func_pread=yes
ac_cv_func_pthread_mutex_timedlock=yes
ac_cv_func_realloc_0_nonnull=yes
ac_cv_func_select=yes
ac_cv_func_select_args='int,fd_set *,struct timeval *'
ac_cv_func_socket=yes
ac_cv_func_stat_empty_string_bug=no
ac_cv_func_strcasecmp=yes
ac_cv_func_strchr=yes
ac_cv_func_strerror=yes
ac_cv_func_strncasecmp=yes
ac_cv_func_strstr=yes
ac_cv_func_strtol=yes
ac_cv_func_vfork=yes
ac_cv_func_vfork_works=yes
ac_cv_func_vprintf=yes
ac_cv_header_execinfo_h=yes
ac_cv_header_expat_h=no
ac_cv_header_fcntl_h=yes
ac_cv_header_iconv_h=yes
ac_cv_header_inttypes_h=yes
ac_cv_header_limits_h=yes
ac_cv_header_memory_h=yes
ac_cv_header_netdb_h=yes
ac_cv_header_netinet_in_h=yes
ac_cv_header_pthread_h=yes
ac_cv_header_sql_h=no
ac_cv_header_stdbool_h=yes
ac_cv_header_stdc=yes
ac_cv_header_stdint_h=yes
ac_cv_header_stdlib_h=yes
ac_cv_header_string_h=yes
ac_cv_header_strings_h=yes
ac_cv_header_sys_file_h=yes
ac_cv_header_sys_select_h=yes
ac_cv_header_sys_socket_h=yes
ac_cv_header_sys_stat_h=yes
ac_cv_header_sys_time_h=yes
ac_cv_header_sys_types_h=yes
ac_cv_header_sys_wait_h=yes
ac_cv_header_syslog_h=yes
ac_cv_header_time=yes
ac_cv_header_unistd_h=yes
ac_cv_header_vfork_h=no
ac_cv_header_zlib_h=yes
ac_cv_lib_dl_dlopen=yes
ac_cv_lib_rt_clock_gettime=yes
ac_cv_mmseg_includes=/usr/local/mmseg3/include/mmseg/
ac_cv_mmseg_libs=/usr/local/mmseg3/lib/
ac_cv_mysql_includes=/usr/local/mysql/include
ac_cv_mysql_libs=/usr/local/mysql/lib
ac_cv_objext=o
ac_cv_path_PYTHON=/usr/local/bin/python
ac_cv_path_install='/usr/bin/install -c'
ac_cv_prog_AWK=gawk
ac_cv_prog_CPP='gcc -E'
ac_cv_prog_ac_ct_CC=gcc
ac_cv_prog_ac_ct_CXX=g++
ac_cv_prog_ac_ct_RANLIB=ranlib
ac_cv_prog_cc_g=yes
ac_cv_prog_cc_stdc=
ac_cv_prog_cxx_g=yes
ac_cv_prog_egrep='grep -E'
ac_cv_prog_make_make_set=yes
ac_cv_search_XML_Parse=no
ac_cv_search_gethostbyname='none required'
ac_cv_search_iconv='none required'
ac_cv_search_inflate=-lz
ac_cv_search_logf=-lm
ac_cv_search_setsockopt='none required'
ac_cv_type__Bool=yes
ac_cv_type_off_t=yes
ac_cv_type_pid_t=yes
ac_cv_type_signal=void
ac_cv_type_size_t=yes
ac_cv_use_debug=no
ac_cv_use_iconv=yes
ac_cv_use_libstemmer=no
ac_cv_use_mmseg=yes
ac_cv_use_mysql=yes
ac_cv_use_pgsql=no
ac_cv_use_static_mysql=no
ac_cv_use_syslog=no
ac_cv_use_unixodbc=no
am_cv_CC_dependencies_compiler_type=gcc3
am_cv_CXX_dependencies_compiler_type=gcc3
am_cv_python_platform=linux2
am_cv_python_pyexecdir='${exec_prefix}/lib/python2.6/site-packages'
am_cv_python_pythondir='${prefix}/lib/python2.6/site-packages'
am_cv_python_version=2.6
sphinx_cv_pthreads_cflags=none
sphinx_cv_pthreads_libs=-lpthread
sphinx_cv_unaligned_ram_access=yes

## ----------------- ##
## Output variables. ##
## ----------------- ##

ACLOCAL='${SHELL} /home/meishixing/soft/coreseek/coreseek-4.1-beta/csft_dev/config/missing --run aclocal-1.9'
AMDEPBACKSLASH='\'
AMDEP_FALSE='#'
AMDEP_TRUE=''
AMTAR='${SHELL} /home/meishixing/soft/coreseek/coreseek-4.1-beta/csft_dev/config/missing --run tar'
AUTOCONF='${SHELL} /home/meishixing/soft/coreseek/coreseek-4.1-beta/csft_dev/config/missing --run autoconf'
AUTOHEADER='${SHELL} /home/meishixing/soft/coreseek/coreseek-4.1-beta/csft_dev/config/missing --run autoheader'
AUTOMAKE='${SHELL} /home/meishixing/soft/coreseek/coreseek-4.1-beta/csft_dev/config/missing --run automake-1.9'
AWK='gawk'
CC='gcc'
CCDEPMODE='depmode=gcc3'
CFLAGS='-Wall -g -D_FILE_OFFSET_BITS=64 -O3 -DNDEBUG'
CONFDIR='/usr/local/coreseek/var'
CPP='gcc -E'
CPPFLAGS=' -I/usr/local/include -I/usr/local/mysql/include  -I/usr/local/mmseg3/include/mmseg/ '
CXX='g++'
CXXDEPMODE='depmode=gcc3'
CXXFLAGS='-Wall -g -D_FILE_OFFSET_BITS=64 -O3 -DNDEBUG'
CYGPATH_W='echo'
DEFS='-DHAVE_CONFIG_H'
DEPDIR='.deps'
ECHO_C=''
ECHO_N='-n'
ECHO_T=''
EGREP='grep -E'
EXEEXT=''
INSTALL_DATA='${INSTALL} -m 644'
INSTALL_PROGRAM='${INSTALL}'
INSTALL_SCRIPT='${INSTALL}'
INSTALL_STRIP_PROGRAM='${SHELL} $(install_sh) -c -s'
LDFLAGS=''
LIBOBJS=''
LIBRT='-lrt '
LIBS='-ldl -lm -lz  -L/usr/local/lib -lrt  -lpthread '
LTLIBOBJS=''
MAINT='#'
MAINTAINER_MODE_FALSE=''
MAINTAINER_MODE_TRUE='#'
MAKEINFO='${SHELL} /home/meishixing/soft/coreseek/coreseek-4.1-beta/csft_dev/config/missing --run makeinfo'
MMSEG_CFLAGS='-I/usr/local/mmseg3/include/mmseg/'
MMSEG_LIBS='-L/usr/local/mmseg3/lib/ -lmmseg'
MYSQL_CFLAGS='-I/usr/local/mysql/include'
MYSQL_LIBS='-L/usr/local/mysql/lib -lmysqlclient -lz'
OBJEXT='o'
PACKAGE='sphinx'
PACKAGE_BUGREPORT='shodan(at)shodan.ru'
PACKAGE_NAME='sphinx'
PACKAGE_STRING='sphinx 1.11'
PACKAGE_TARNAME='sphinx'
PACKAGE_VERSION='1.11'
PATH_SEPARATOR=':'
PGSQL_CFLAGS=''
PGSQL_LIBS=''
PYTHON='/usr/local/bin/python'
PYTHON_CPPFLAGS=''
PYTHON_EXEC_PREFIX='${exec_prefix}'
PYTHON_LIBS=''
PYTHON_PLATFORM='linux2'
PYTHON_PREFIX='${prefix}'
PYTHON_VERSION='2.6'
RANLIB='ranlib'
SET_MAKE=''
SHELL='/bin/sh'
STRIP=''
USE_LIBSTEMMER_FALSE=''
USE_LIBSTEMMER_TRUE='#'
USE_MMSEG_FALSE='#'
USE_MMSEG_TRUE=''
USE_MYSQL_FALSE='#'
USE_MYSQL_TRUE=''
USE_PGSQL_FALSE=''
USE_PGSQL_TRUE='#'
USE_PYTHON_FALSE=''
USE_PYTHON_TRUE='#'
VERSION='1.11'
ac_ct_CC='gcc'
ac_ct_CXX='g++'
ac_ct_RANLIB='ranlib'
ac_ct_STRIP=''
am__fastdepCC_FALSE='#'
am__fastdepCC_TRUE=''
am__fastdepCXX_FALSE='#'
am__fastdepCXX_TRUE=''
am__include='include'
am__leading_dot='.'
am__quote=''
am__tar='${AMTAR} chof - "$$tardir"'
am__untar='${AMTAR} xf -'
bindir='${exec_prefix}/bin'
build_alias=''
datadir='${prefix}/share'
exec_prefix='${prefix}'
host_alias=''
includedir='${prefix}/include'
infodir='${prefix}/info'
install_sh='/home/meishixing/soft/coreseek/coreseek-4.1-beta/csft_dev/config/install-sh'
libdir='${exec_prefix}/lib'
libexecdir='${exec_prefix}/libexec'
localstatedir='${prefix}/var'
mandir='${prefix}/man'
mkdir_p='mkdir -p --'
oldincludedir='/usr/include'
pgconfig=''
pkgpyexecdir='${pyexecdir}/sphinx'
pkgpythondir='${pythondir}/sphinx'
prefix='/usr/local/coreseek'
program_transform_name='s,x,x,'
pyexecdir='${exec_prefix}/lib/python2.6/site-packages'
pythondir='${prefix}/lib/python2.6/site-packages'
sbindir='${exec_prefix}/sbin'
sharedstatedir='${prefix}/com'
sysconfdir='${prefix}/etc'
target_alias=''

## ----------- ##
## confdefs.h. ##
## ----------- ##

#define COMPILER "gcc 4.1.2"
#define HAVE_BACKTRACE 1
#define HAVE_BACKTRACE_SYMBOLS 1
#define HAVE_CLOCK_GETTIME 1
#define HAVE_DLERROR 1
#define HAVE_DLOPEN 1
#define HAVE_DUP2 1
#define HAVE_EXECINFO_H 1
#define HAVE_FCNTL_H 1
#define HAVE_FORK 1
#define HAVE_F_SETLKW 1
#define HAVE_GETHOSTBYNAME 1
#define HAVE_GETTIMEOFDAY 1
#define HAVE_INTTYPES_H 1
#define HAVE_LIBDL 1
#define HAVE_LIBRT 1
#define HAVE_LIMITS_H 1
#define HAVE_LOCK_EX 1
#define HAVE_LOGF 1
#define HAVE_MALLOC 1
#define HAVE_MEMMOVE 1
#define HAVE_MEMORY_H 1
#define HAVE_MEMSET 1
#define HAVE_NETDB_H 1
#define HAVE_NETINET_IN_H 1
#define HAVE_PREAD 1
#define HAVE_PTHREAD_H 1
#define HAVE_PTHREAD_MUTEX_TIMEDLOCK 1
#define HAVE_REALLOC 1
#define HAVE_SELECT 1
#define HAVE_SOCKET 1
#define HAVE_STDBOOL_H 1
#define HAVE_STDINT_H 1
#define HAVE_STDLIB_H 1
#define HAVE_STDLIB_H 1
#define HAVE_STDLIB_H 1
#define HAVE_STDLIB_H 1
#define HAVE_STRCASECMP 1
#define HAVE_STRCHR 1
#define HAVE_STRERROR 1
#define HAVE_STRINGS_H 1
#define HAVE_STRING_H 1
#define HAVE_STRING_H 1
#define HAVE_STRNCASECMP 1
#define HAVE_STRSTR 1
#define HAVE_STRTOL 1
#define HAVE_SYS_FILE_H 1
#define HAVE_SYS_SELECT_H 1
#define HAVE_SYS_SOCKET_H 1
#define HAVE_SYS_SOCKET_H 1
#define HAVE_SYS_STAT_H 1
#define HAVE_SYS_TIME_H 1
#define HAVE_SYS_TYPES_H 1
#define HAVE_SYS_WAIT_H 1
#define HAVE_UNISTD_H 1
#define HAVE_UNISTD_H 1
#define HAVE_UNISTD_H 1
#define HAVE_VFORK 1
#define HAVE_VPRINTF 1
#define HAVE_WORKING_FORK 1
#define HAVE_WORKING_VFORK 1
#define HAVE__BOOL 1
#define LSTAT_FOLLOWS_SLASHED_SYMLINK 1
#define OS_UNAME "Linux localhost.localdomain 2.6.18-274.17.1.el5 #1 SMP Tue Jan 10 17:25:58 EST 2012 x86_64 x86_64 x86_64 GNU/Linux"
#define PACKAGE "sphinx"
#define PACKAGE_BUGREPORT "shodan(at)shodan.ru"
#define PACKAGE_NAME "sphinx"
#define PACKAGE_STRING "sphinx 1.11"
#define PACKAGE_TARNAME "sphinx"
#define PACKAGE_VERSION "1.11"
#define RETSIGTYPE void
#define SELECT_TYPE_ARG1 int
#define SELECT_TYPE_ARG234 (fd_set *)
#define SELECT_TYPE_ARG5 (struct timeval *)
#define STDC_HEADERS 1
#define TIME_WITH_SYS_TIME 1
#define UNALIGNED_RAM_ACCESS 1
#define USE_64BIT 0
#define USE_LIBSTEMMER 0
#define USE_LITTLE_ENDIAN 1
#define USE_MMSEG 1
#define USE_MYSQL 1
#define USE_ZLIB 1
#define VERSION "1.11"
#endif
#ifdef __cplusplus
extern "C" void std::exit (int) throw (); using std::exit;

configure: exit 0

## ---------------------- ##
## Running config.status. ##
## ---------------------- ##

This file was extended by sphinx config.status 1.11, which was
generated by GNU Autoconf 2.59.  Invocation command line was

  CONFIG_FILES    = 
  CONFIG_HEADERS  = 
  CONFIG_LINKS    = 
  CONFIG_COMMANDS = 
  $ ./config.status 

on localhost.localdomain

config.status:735: creating Makefile
config.status:735: creating src/Makefile
config.status:735: creating libstemmer_c/Makefile
config.status:735: creating doc/Makefile
config.status:735: creating sphinx.conf.dist
config.status:735: creating sphinx-min.conf.dist
config.status:839: creating config/config.h
config.status:1115: config/config.h is unchanged
config.status:1295: executing depfiles commands
